{"/home/travis/build/npmtest/node-npmtest-agenda/test.js":{"path":"/home/travis/build/npmtest/node-npmtest-agenda/test.js","s":{"1":2,"2":2,"3":2,"4":2,"5":2,"6":2,"7":2,"8":1,"9":2,"10":2,"11":1,"12":1,"13":1,"14":1,"15":2,"16":2,"17":2,"18":2,"19":1,"20":1,"21":2,"22":2,"23":2,"24":1,"25":1,"26":1,"27":1,"28":1,"29":1,"30":1,"31":1,"32":1,"33":1,"34":1,"35":1,"36":1,"37":1,"38":1,"39":2,"40":2,"41":1,"42":2,"43":2,"44":1,"45":2,"46":2,"47":1,"48":2,"49":2,"50":1,"51":1,"52":1,"53":1,"54":1},"b":{"1":[2,1,1,1],"2":[1,1,1,1],"3":[1,1],"4":[1,1],"5":[1,1],"6":[1,1],"7":[1,1],"8":[1,1],"9":[1,1],"10":[1,1,1],"11":[1,1],"12":[1,1],"13":[1,1],"14":[1,1],"15":[1,1],"16":[1,1],"17":[1,1]},"f":{"1":2,"2":2,"3":2,"4":2,"5":2,"6":1,"7":1,"8":1,"9":2,"10":2,"11":2,"12":2,"13":1},"fnMap":{"1":{"name":"(anonymous_1)","line":12,"loc":{"start":{"line":12,"column":1},"end":{"line":12,"column":13}}},"2":{"name":"(anonymous_2)","line":19,"loc":{"start":{"line":19,"column":5},"end":{"line":19,"column":17}}},"3":{"name":"(anonymous_3)","line":23,"loc":{"start":{"line":23,"column":24},"end":{"line":23,"column":36}}},"4":{"name":"(anonymous_4)","line":61,"loc":{"start":{"line":61,"column":5},"end":{"line":61,"column":17}}},"5":{"name":"(anonymous_5)","line":82,"loc":{"start":{"line":82,"column":5},"end":{"line":82,"column":17}}},"6":{"name":"(anonymous_6)","line":91,"loc":{"start":{"line":91,"column":77},"end":{"line":94,"column":10}}},"7":{"name":"(anonymous_7)","line":112,"loc":{"start":{"line":112,"column":83},"end":{"line":115,"column":10}},"skip":true},"8":{"name":"(anonymous_8)","line":123,"loc":{"start":{"line":123,"column":77},"end":{"line":126,"column":10}},"skip":true},"9":{"name":"(anonymous_9)","line":139,"loc":{"start":{"line":139,"column":12},"end":{"line":139,"column":40}},"skip":true},"10":{"name":"(anonymous_10)","line":147,"loc":{"start":{"line":147,"column":77},"end":{"line":150,"column":10}},"skip":true},"11":{"name":"(anonymous_11)","line":158,"loc":{"start":{"line":158,"column":83},"end":{"line":161,"column":10}},"skip":true},"12":{"name":"(anonymous_12)","line":169,"loc":{"start":{"line":169,"column":79},"end":{"line":172,"column":10}},"skip":true},"13":{"name":"(anonymous_13)","line":180,"loc":{"start":{"line":180,"column":75},"end":{"line":183,"column":10}},"skip":true}},"statementMap":{"1":{"start":{"line":12,"column":0},"end":{"line":195,"column":5}},"2":{"start":{"line":14,"column":4},"end":{"line":14,"column":14}},"3":{"start":{"line":19,"column":4},"end":{"line":56,"column":9}},"4":{"start":{"line":21,"column":8},"end":{"line":21,"column":19}},"5":{"start":{"line":23,"column":8},"end":{"line":35,"column":13}},"6":{"start":{"line":24,"column":12},"end":{"line":34,"column":13}},"7":{"start":{"line":25,"column":16},"end":{"line":28,"column":30}},"8":{"start":{"line":30,"column":16},"end":{"line":33,"column":27}},"9":{"start":{"line":37,"column":8},"end":{"line":39,"column":21}},"10":{"start":{"line":40,"column":8},"end":{"line":53,"column":9}},"11":{"start":{"line":43,"column":12},"end":{"line":46,"column":14}},"12":{"start":{"line":47,"column":12},"end":{"line":47,"column":18}},"13":{"start":{"line":50,"column":12},"end":{"line":51,"column":33}},"14":{"start":{"line":52,"column":12},"end":{"line":52,"column":18}},"15":{"start":{"line":55,"column":8},"end":{"line":55,"column":35}},"16":{"start":{"line":61,"column":4},"end":{"line":63,"column":9}},"17":{"start":{"line":62,"column":8},"end":{"line":62,"column":15}},"18":{"start":{"line":64,"column":4},"end":{"line":77,"column":5}},"19":{"start":{"line":70,"column":8},"end":{"line":70,"column":14}},"20":{"start":{"line":76,"column":8},"end":{"line":76,"column":14}},"21":{"start":{"line":82,"column":4},"end":{"line":84,"column":9}},"22":{"start":{"line":83,"column":8},"end":{"line":83,"column":15}},"23":{"start":{"line":85,"column":4},"end":{"line":194,"column":5}},"24":{"start":{"line":91,"column":8},"end":{"line":99,"column":10}},"25":{"start":{"line":98,"column":12},"end":{"line":98,"column":35}},"26":{"start":{"line":102,"column":8},"end":{"line":104,"column":63}},"27":{"start":{"line":105,"column":8},"end":{"line":105,"column":14}},"28":{"start":{"line":112,"column":8},"end":{"line":121,"column":10},"skip":true},"29":{"start":{"line":119,"column":12},"end":{"line":119,"column":55},"skip":true},"30":{"start":{"line":120,"column":12},"end":{"line":120,"column":48},"skip":true},"31":{"start":{"line":123,"column":8},"end":{"line":136,"column":10},"skip":true},"32":{"start":{"line":130,"column":12},"end":{"line":130,"column":76},"skip":true},"33":{"start":{"line":131,"column":12},"end":{"line":131,"column":73},"skip":true},"34":{"start":{"line":132,"column":12},"end":{"line":132,"column":74},"skip":true},"35":{"start":{"line":133,"column":12},"end":{"line":133,"column":79},"skip":true},"36":{"start":{"line":134,"column":12},"end":{"line":134,"column":25},"skip":true},"37":{"start":{"line":135,"column":12},"end":{"line":135,"column":45},"skip":true},"38":{"start":{"line":138,"column":8},"end":{"line":145,"column":14},"skip":true},"39":{"start":{"line":143,"column":16},"end":{"line":143,"column":29},"skip":true},"40":{"start":{"line":144,"column":16},"end":{"line":144,"column":55},"skip":true},"41":{"start":{"line":147,"column":8},"end":{"line":156,"column":10},"skip":true},"42":{"start":{"line":154,"column":12},"end":{"line":154,"column":25},"skip":true},"43":{"start":{"line":155,"column":12},"end":{"line":155,"column":45},"skip":true},"44":{"start":{"line":158,"column":8},"end":{"line":167,"column":10},"skip":true},"45":{"start":{"line":165,"column":12},"end":{"line":165,"column":25},"skip":true},"46":{"start":{"line":166,"column":12},"end":{"line":166,"column":48},"skip":true},"47":{"start":{"line":169,"column":8},"end":{"line":178,"column":10},"skip":true},"48":{"start":{"line":176,"column":12},"end":{"line":176,"column":25},"skip":true},"49":{"start":{"line":177,"column":12},"end":{"line":177,"column":46},"skip":true},"50":{"start":{"line":180,"column":8},"end":{"line":189,"column":10},"skip":true},"51":{"start":{"line":187,"column":12},"end":{"line":187,"column":94},"skip":true},"52":{"start":{"line":188,"column":12},"end":{"line":188,"column":48},"skip":true},"53":{"start":{"line":192,"column":8},"end":{"line":192,"column":35},"skip":true},"54":{"start":{"line":193,"column":8},"end":{"line":193,"column":14},"skip":true}},"branchMap":{"1":{"line":25,"type":"binary-expr","locations":[{"start":{"line":25,"column":23},"end":{"line":25,"column":62}},{"start":{"line":26,"column":20},"end":{"line":26,"column":70}},{"start":{"line":27,"column":20},"end":{"line":27,"column":71}},{"start":{"line":28,"column":20},"end":{"line":28,"column":29}}]},"2":{"line":30,"type":"binary-expr","locations":[{"start":{"line":30,"column":23},"end":{"line":30,"column":37}},{"start":{"line":31,"column":20},"end":{"line":31,"column":61}},{"start":{"line":32,"column":20},"end":{"line":32,"column":70}},{"start":{"line":33,"column":20},"end":{"line":33,"column":26}}]},"3":{"line":37,"type":"cond-expr","locations":[{"start":{"line":38,"column":14},"end":{"line":38,"column":20}},{"start":{"line":39,"column":14},"end":{"line":39,"column":20}}]},"4":{"line":40,"type":"switch","locations":[{"start":{"line":42,"column":8},"end":{"line":47,"column":18}},{"start":{"line":49,"column":8},"end":{"line":52,"column":18}}]},"5":{"line":44,"type":"binary-expr","locations":[{"start":{"line":44,"column":16},"end":{"line":44,"column":44}},{"start":{"line":44,"column":48},"end":{"line":44,"column":66}}]},"6":{"line":50,"type":"binary-expr","locations":[{"start":{"line":50,"column":21},"end":{"line":50,"column":49}},{"start":{"line":50,"column":53},"end":{"line":50,"column":72}}]},"7":{"line":64,"type":"switch","locations":[{"start":{"line":69,"column":4},"end":{"line":70,"column":14}},{"start":{"line":75,"column":4},"end":{"line":76,"column":14}}]},"8":{"line":85,"type":"switch","locations":[{"start":{"line":90,"column":4},"end":{"line":105,"column":14}},{"start":{"line":111,"column":4},"end":{"line":193,"column":14},"skip":true}]},"9":{"line":91,"type":"binary-expr","locations":[{"start":{"line":91,"column":42},"end":{"line":91,"column":73}},{"start":{"line":91,"column":77},"end":{"line":99,"column":9}}]},"10":{"line":102,"type":"binary-expr","locations":[{"start":{"line":102,"column":18},"end":{"line":102,"column":32}},{"start":{"line":103,"column":12},"end":{"line":103,"column":53}},{"start":{"line":104,"column":12},"end":{"line":104,"column":61}}]},"11":{"line":112,"type":"binary-expr","locations":[{"start":{"line":112,"column":45},"end":{"line":112,"column":79},"skip":true},{"start":{"line":112,"column":83},"end":{"line":121,"column":9},"skip":true}]},"12":{"line":123,"type":"binary-expr","locations":[{"start":{"line":123,"column":42},"end":{"line":123,"column":73},"skip":true},{"start":{"line":123,"column":77},"end":{"line":136,"column":9},"skip":true}]},"13":{"line":138,"type":"binary-expr","locations":[{"start":{"line":138,"column":48},"end":{"line":138,"column":85},"skip":true},{"start":{"line":139,"column":12},"end":{"line":145,"column":13},"skip":true}]},"14":{"line":147,"type":"binary-expr","locations":[{"start":{"line":147,"column":42},"end":{"line":147,"column":73},"skip":true},{"start":{"line":147,"column":77},"end":{"line":156,"column":9},"skip":true}]},"15":{"line":158,"type":"binary-expr","locations":[{"start":{"line":158,"column":45},"end":{"line":158,"column":79},"skip":true},{"start":{"line":158,"column":83},"end":{"line":167,"column":9},"skip":true}]},"16":{"line":169,"type":"binary-expr","locations":[{"start":{"line":169,"column":43},"end":{"line":169,"column":75},"skip":true},{"start":{"line":169,"column":79},"end":{"line":178,"column":9},"skip":true}]},"17":{"line":180,"type":"binary-expr","locations":[{"start":{"line":180,"column":41},"end":{"line":180,"column":71},"skip":true},{"start":{"line":180,"column":75},"end":{"line":189,"column":9},"skip":true}]}},"code":["/* istanbul instrument in package npmtest_agenda */","/*jslint","    bitwise: true,","    browser: true,","    maxerr: 8,","    maxlen: 96,","    node: true,","    nomen: true,","    regexp: true,","    stupid: true","*/","(function () {","    'use strict';","    var local;","","","","    // run shared js-env code - pre-init","    (function () {","        // init local","        local = {};","        // init modeJs","        local.modeJs = (function () {","            try {","                return typeof navigator.userAgent === 'string' &&","                    typeof document.querySelector('body') === 'object' &&","                    typeof XMLHttpRequest.prototype.open === 'function' &&","                    'browser';","            } catch (errorCaughtBrowser) {","                return module.exports &&","                    typeof process.versions.node === 'string' &&","                    typeof require('http').createServer === 'function' &&","                    'node';","            }","        }());","        // init global","        local.global = local.modeJs === 'browser'","            ? window","            : global;","        switch (local.modeJs) {","        // re-init local from window.local","        case 'browser':","            local = local.global.utility2.objectSetDefault(","                local.global.utility2_rollup || local.global.local,","                local.global.utility2","            );","            break;","        // re-init local from example.js","        case 'node':","            local = (local.global.utility2_rollup || require('utility2'))","                .requireReadme();","            break;","        }","        // export local","        local.global.local = local;","    }());","","","","    // run shared js-env code - function","    (function () {","        return;","    }());","    switch (local.modeJs) {","","","","    // run browser js-env code - function","    case 'browser':","        break;","","","","    // run node js-env code - function","    case 'node':","        break;","    }","","","","    // run shared js-env code - post-init","    (function () {","        return;","    }());","    switch (local.modeJs) {","","","","    // run browser js-env code - post-init","    case 'browser':","        local.testCase_browser_nullCase = local.testCase_browser_nullCase || function (","            options,","            onError","        ) {","        /*","         * this function will test browsers's null-case handling-behavior-behavior","         */","            onError(null, options);","        };","","        // run tests","        local.nop(local.modeTest &&","            document.querySelector('#testRunButton1') &&","            document.querySelector('#testRunButton1').click());","        break;","","","","    // run node js-env code - post-init","    /* istanbul ignore next */","    case 'node':","        local.testCase_buildApidoc_default = local.testCase_buildApidoc_default || function (","            options,","            onError","        ) {","        /*","         * this function will test buildApidoc's default handling-behavior-behavior","         */","            options = { modulePathList: module.paths };","            local.buildApidoc(options, onError);","        };","","        local.testCase_buildApp_default = local.testCase_buildApp_default || function (","            options,","            onError","        ) {","        /*","         * this function will test buildApp's default handling-behavior-behavior","         */","            local.testCase_buildReadme_default(options, local.onErrorThrow);","            local.testCase_buildLib_default(options, local.onErrorThrow);","            local.testCase_buildTest_default(options, local.onErrorThrow);","            local.testCase_buildCustomOrg_default(options, local.onErrorThrow);","            options = [];","            local.buildApp(options, onError);","        };","","        local.testCase_buildCustomOrg_default = local.testCase_buildCustomOrg_default ||","            function (options, onError) {","            /*","             * this function will test buildCustomOrg's default handling-behavior","             */","                options = {};","                local.buildCustomOrg(options, onError);","            };","","        local.testCase_buildLib_default = local.testCase_buildLib_default || function (","            options,","            onError","        ) {","        /*","         * this function will test buildLib's default handling-behavior","         */","            options = {};","            local.buildLib(options, onError);","        };","","        local.testCase_buildReadme_default = local.testCase_buildReadme_default || function (","            options,","            onError","        ) {","        /*","         * this function will test buildReadme's default handling-behavior-behavior","         */","            options = {};","            local.buildReadme(options, onError);","        };","","        local.testCase_buildTest_default = local.testCase_buildTest_default || function (","            options,","            onError","        ) {","        /*","         * this function will test buildTest's default handling-behavior","         */","            options = {};","            local.buildTest(options, onError);","        };","","        local.testCase_webpage_default = local.testCase_webpage_default || function (","            options,","            onError","        ) {","        /*","         * this function will test webpage's default handling-behavior","         */","            options = { modeCoverageMerge: true, url: local.serverLocalHost + '?modeTest=1' };","            local.browserTest(options, onError);","        };","","        // run test-server","        local.testRunServer(local);","        break;","    }","}());",""],"l":{"12":2,"14":2,"19":2,"21":2,"23":2,"24":2,"25":2,"30":1,"37":2,"40":2,"43":1,"47":1,"50":1,"52":1,"55":2,"61":2,"62":2,"64":2,"70":1,"76":1,"82":2,"83":2,"85":2,"91":1,"98":1,"102":1,"105":1,"112":1,"119":1,"120":1,"123":1,"130":1,"131":1,"132":1,"133":1,"134":1,"135":1,"138":1,"143":2,"144":2,"147":1,"154":2,"155":2,"158":1,"165":2,"166":2,"169":1,"176":2,"177":2,"180":1,"187":1,"188":1,"192":1,"193":1}},"/home/travis/build/npmtest/node-npmtest-agenda/lib.npmtest_agenda.js":{"path":"/home/travis/build/npmtest/node-npmtest-agenda/lib.npmtest_agenda.js","s":{"1":2,"2":2,"3":2,"4":2,"5":2,"6":2,"7":2,"8":1,"9":2,"10":2,"11":2,"12":2,"13":1,"14":1,"15":1,"16":1},"b":{"1":[2,1,1,1],"2":[1,1,1,1],"3":[1,1],"4":[2,2],"5":[1,1]},"f":{"1":2,"2":2,"3":2},"fnMap":{"1":{"name":"(anonymous_1)","line":12,"loc":{"start":{"line":12,"column":1},"end":{"line":12,"column":13}}},"2":{"name":"(anonymous_2)","line":19,"loc":{"start":{"line":19,"column":5},"end":{"line":19,"column":17}}},"3":{"name":"(anonymous_3)","line":23,"loc":{"start":{"line":23,"column":24},"end":{"line":23,"column":36}}}},"statementMap":{"1":{"start":{"line":12,"column":0},"end":{"line":53,"column":5}},"2":{"start":{"line":14,"column":4},"end":{"line":14,"column":14}},"3":{"start":{"line":19,"column":4},"end":{"line":52,"column":9}},"4":{"start":{"line":21,"column":8},"end":{"line":21,"column":19}},"5":{"start":{"line":23,"column":8},"end":{"line":35,"column":13}},"6":{"start":{"line":24,"column":12},"end":{"line":34,"column":13}},"7":{"start":{"line":25,"column":16},"end":{"line":28,"column":30}},"8":{"start":{"line":30,"column":16},"end":{"line":33,"column":27}},"9":{"start":{"line":37,"column":8},"end":{"line":39,"column":21}},"10":{"start":{"line":41,"column":8},"end":{"line":41,"column":54}},"11":{"start":{"line":43,"column":8},"end":{"line":43,"column":51}},"12":{"start":{"line":45,"column":8},"end":{"line":51,"column":9}},"13":{"start":{"line":46,"column":12},"end":{"line":46,"column":57}},"14":{"start":{"line":48,"column":12},"end":{"line":48,"column":35}},"15":{"start":{"line":49,"column":12},"end":{"line":49,"column":49}},"16":{"start":{"line":50,"column":12},"end":{"line":50,"column":43}}},"branchMap":{"1":{"line":25,"type":"binary-expr","locations":[{"start":{"line":25,"column":23},"end":{"line":25,"column":62}},{"start":{"line":26,"column":20},"end":{"line":26,"column":70}},{"start":{"line":27,"column":20},"end":{"line":27,"column":71}},{"start":{"line":28,"column":20},"end":{"line":28,"column":29}}]},"2":{"line":30,"type":"binary-expr","locations":[{"start":{"line":30,"column":23},"end":{"line":30,"column":37}},{"start":{"line":31,"column":20},"end":{"line":31,"column":61}},{"start":{"line":32,"column":20},"end":{"line":32,"column":70}},{"start":{"line":33,"column":20},"end":{"line":33,"column":26}}]},"3":{"line":37,"type":"cond-expr","locations":[{"start":{"line":38,"column":14},"end":{"line":38,"column":20}},{"start":{"line":39,"column":14},"end":{"line":39,"column":20}}]},"4":{"line":41,"type":"binary-expr","locations":[{"start":{"line":41,"column":16},"end":{"line":41,"column":44}},{"start":{"line":41,"column":48},"end":{"line":41,"column":53}}]},"5":{"line":45,"type":"if","locations":[{"start":{"line":45,"column":8},"end":{"line":45,"column":8}},{"start":{"line":45,"column":8},"end":{"line":45,"column":8}}]}},"code":["/* istanbul instrument in package npmtest_agenda */","/*jslint","    bitwise: true,","    browser: true,","    maxerr: 8,","    maxlen: 96,","    node: true,","    nomen: true,","    regexp: true,","    stupid: true","*/","(function () {","    'use strict';","    var local;","","","","    // run shared js-env code - pre-init","    (function () {","        // init local","        local = {};","        // init modeJs","        local.modeJs = (function () {","            try {","                return typeof navigator.userAgent === 'string' &&","                    typeof document.querySelector('body') === 'object' &&","                    typeof XMLHttpRequest.prototype.open === 'function' &&","                    'browser';","            } catch (errorCaughtBrowser) {","                return module.exports &&","                    typeof process.versions.node === 'string' &&","                    typeof require('http').createServer === 'function' &&","                    'node';","            }","        }());","        // init global","        local.global = local.modeJs === 'browser'","            ? window","            : global;","        // init utility2_rollup","        local = local.global.utility2_rollup || local;","        // init lib","        local.local = local.npmtest_agenda = local;","        // init exports","        if (local.modeJs === 'browser') {","            local.global.utility2_npmtest_agenda = local;","        } else {","            module.exports = local;","            module.exports.__dirname = __dirname;","            module.exports.module = module;","        }","    }());","}());",""],"l":{"12":2,"14":2,"19":2,"21":2,"23":2,"24":2,"25":2,"30":1,"37":2,"41":2,"43":2,"45":2,"46":1,"48":1,"49":1,"50":1}},"/home/travis/build/npmtest/node-npmtest-agenda/example.js":{"path":"/home/travis/build/npmtest/node-npmtest-agenda/example.js","s":{"1":2,"2":2,"3":2,"4":2,"5":2,"6":2,"7":2,"8":1,"9":2,"10":2,"11":2,"12":2,"13":1,"14":2,"15":2,"16":2,"17":2,"18":2,"19":0,"20":2,"21":1,"22":1,"23":1,"24":1,"25":1,"26":0,"27":0,"28":1,"29":1,"30":2,"31":0,"32":0,"33":0,"34":1,"35":2,"36":2,"37":3,"38":3,"39":3,"40":3,"41":0,"42":3,"43":3,"44":3,"45":1,"46":3,"47":1,"48":1,"49":1,"50":1,"51":1,"52":1,"53":1,"54":1,"55":1,"56":1,"57":0,"58":1,"59":6,"60":6,"61":1,"62":2,"63":0,"64":2,"65":1,"66":1,"67":0,"68":0,"69":0,"70":0,"71":0,"72":0,"73":0,"74":0,"75":0,"76":0,"77":0,"78":0,"79":0,"80":0,"81":0,"82":0,"83":0},"b":{"1":[2,1,1,1],"2":[1,1,1,1],"3":[1,1],"4":[2,2],"5":[1,1],"6":[1,1],"7":[2,0],"8":[2,1,1,1,1,1],"9":[0,2,0],"10":[1,1],"11":[2,1,1],"12":[1,0],"13":[0,2],"14":[2,0,0,0,0,0,0],"15":[0,3],"16":[3,0],"17":[1,1],"18":[0,1],"19":[1,2,0,2],"20":[1,0],"21":[1,1],"22":[0,0],"23":[0,0],"24":[0,0],"25":[0,0],"26":[0,0],"27":[0,0],"28":[0,0]},"f":{"1":2,"2":2,"3":2,"4":2,"5":2,"6":2,"7":3,"8":3,"9":3,"10":1,"11":6,"12":0},"fnMap":{"1":{"name":"(anonymous_1)","line":26,"loc":{"start":{"line":26,"column":1},"end":{"line":26,"column":13}}},"2":{"name":"(anonymous_2)","line":33,"loc":{"start":{"line":33,"column":5},"end":{"line":33,"column":17}}},"3":{"name":"(anonymous_3)","line":37,"loc":{"start":{"line":37,"column":24},"end":{"line":37,"column":36}}},"4":{"name":"(anonymous_4)","line":69,"loc":{"start":{"line":69,"column":31},"end":{"line":69,"column":48}},"skip":true},"5":{"name":"(anonymous_5)","line":78,"loc":{"start":{"line":78,"column":26},"end":{"line":78,"column":45}},"skip":true},"6":{"name":"(anonymous_6)","line":123,"loc":{"start":{"line":123,"column":33},"end":{"line":123,"column":48}},"skip":true},"7":{"name":"(anonymous_7)","line":125,"loc":{"start":{"line":125,"column":27},"end":{"line":125,"column":39}},"skip":true},"8":{"name":"(anonymous_8)","line":133,"loc":{"start":{"line":133,"column":59},"end":{"line":133,"column":74}},"skip":true},"9":{"name":"(anonymous_9)","line":143,"loc":{"start":{"line":143,"column":45},"end":{"line":143,"column":62}},"skip":true},"10":{"name":"(anonymous_10)","line":144,"loc":{"start":{"line":144,"column":73},"end":{"line":144,"column":92}},"skip":true},"11":{"name":"(anonymous_11)","line":272,"loc":{"start":{"line":272,"column":51},"end":{"line":272,"column":77}},"skip":true},"12":{"name":"(anonymous_12)","line":315,"loc":{"start":{"line":315,"column":32},"end":{"line":315,"column":61}},"skip":true}},"statementMap":{"1":{"start":{"line":26,"column":0},"end":{"line":326,"column":5}},"2":{"start":{"line":28,"column":4},"end":{"line":28,"column":14}},"3":{"start":{"line":33,"column":4},"end":{"line":60,"column":9}},"4":{"start":{"line":35,"column":8},"end":{"line":35,"column":19}},"5":{"start":{"line":37,"column":8},"end":{"line":49,"column":13}},"6":{"start":{"line":38,"column":12},"end":{"line":48,"column":13}},"7":{"start":{"line":39,"column":16},"end":{"line":42,"column":30}},"8":{"start":{"line":44,"column":16},"end":{"line":47,"column":27}},"9":{"start":{"line":51,"column":8},"end":{"line":53,"column":21}},"10":{"start":{"line":55,"column":8},"end":{"line":57,"column":45}},"11":{"start":{"line":59,"column":8},"end":{"line":59,"column":35}},"12":{"start":{"line":61,"column":4},"end":{"line":325,"column":5}},"13":{"start":{"line":69,"column":8},"end":{"line":121,"column":10},"skip":true},"14":{"start":{"line":70,"column":12},"end":{"line":88,"column":13},"skip":true},"15":{"start":{"line":76,"column":16},"end":{"line":87,"column":19},"skip":true},"16":{"start":{"line":79,"column":20},"end":{"line":86,"column":21},"skip":true},"17":{"start":{"line":82,"column":24},"end":{"line":82,"column":43},"skip":true},"18":{"start":{"line":83,"column":24},"end":{"line":83,"column":30},"skip":true},"19":{"start":{"line":85,"column":24},"end":{"line":85,"column":49},"skip":true},"20":{"start":{"line":89,"column":12},"end":{"line":107,"column":13},"skip":true},"21":{"start":{"line":92,"column":16},"end":{"line":102,"column":17},"skip":true},"22":{"start":{"line":93,"column":20},"end":{"line":93,"column":86},"skip":true},"23":{"start":{"line":94,"column":20},"end":{"line":95,"column":45},"skip":true},"24":{"start":{"line":96,"column":20},"end":{"line":96,"column":42},"skip":true},"25":{"start":{"line":97,"column":20},"end":{"line":97,"column":48},"skip":true},"26":{"start":{"line":100,"column":20},"end":{"line":100,"column":85},"skip":true},"27":{"start":{"line":101,"column":20},"end":{"line":101,"column":96},"skip":true},"28":{"start":{"line":103,"column":16},"end":{"line":103,"column":22},"skip":true},"29":{"start":{"line":106,"column":16},"end":{"line":106,"column":22},"skip":true},"30":{"start":{"line":108,"column":12},"end":{"line":120,"column":13},"skip":true},"31":{"start":{"line":114,"column":16},"end":{"line":119,"column":17},"skip":true},"32":{"start":{"line":116,"column":20},"end":{"line":116,"column":78},"skip":true},"33":{"start":{"line":118,"column":20},"end":{"line":118,"column":47},"skip":true},"34":{"start":{"line":123,"column":8},"end":{"line":141,"column":11},"skip":true},"35":{"start":{"line":124,"column":12},"end":{"line":124,"column":54},"skip":true},"36":{"start":{"line":125,"column":12},"end":{"line":140,"column":14},"skip":true},"37":{"start":{"line":126,"column":16},"end":{"line":126,"column":28},"skip":true},"38":{"start":{"line":127,"column":16},"end":{"line":127,"column":69},"skip":true},"39":{"start":{"line":128,"column":16},"end":{"line":128,"column":75},"skip":true},"40":{"start":{"line":129,"column":16},"end":{"line":131,"column":17},"skip":true},"41":{"start":{"line":130,"column":20},"end":{"line":130,"column":27},"skip":true},"42":{"start":{"line":133,"column":16},"end":{"line":137,"column":36},"skip":true},"43":{"start":{"line":134,"column":20},"end":{"line":136,"column":55},"skip":true},"44":{"start":{"line":139,"column":16},"end":{"line":139,"column":57},"skip":true},"45":{"start":{"line":143,"column":8},"end":{"line":147,"column":11},"skip":true},"46":{"start":{"line":144,"column":12},"end":{"line":146,"column":15},"skip":true},"47":{"start":{"line":145,"column":16},"end":{"line":145,"column":70},"skip":true},"48":{"start":{"line":149,"column":8},"end":{"line":149,"column":31},"skip":true},"49":{"start":{"line":150,"column":8},"end":{"line":150,"column":14},"skip":true},"50":{"start":{"line":158,"column":8},"end":{"line":158,"column":31},"skip":true},"51":{"start":{"line":160,"column":8},"end":{"line":160,"column":33},"skip":true},"52":{"start":{"line":161,"column":8},"end":{"line":161,"column":37},"skip":true},"53":{"start":{"line":162,"column":8},"end":{"line":162,"column":35},"skip":true},"54":{"start":{"line":164,"column":8},"end":{"line":164,"column":50},"skip":true},"55":{"start":{"line":166,"column":8},"end":{"line":256,"column":2},"skip":true},"56":{"start":{"line":258,"column":8},"end":{"line":286,"column":9},"skip":true},"57":{"start":{"line":259,"column":12},"end":{"line":269,"column":14},"skip":true},"58":{"start":{"line":271,"column":12},"end":{"line":285,"column":19},"skip":true},"59":{"start":{"line":274,"column":20},"end":{"line":274,"column":35},"skip":true},"60":{"start":{"line":275,"column":20},"end":{"line":284,"column":21},"skip":true},"61":{"start":{"line":277,"column":24},"end":{"line":277,"column":64},"skip":true},"62":{"start":{"line":279,"column":24},"end":{"line":279,"column":40},"skip":true},"63":{"start":{"line":281,"column":24},"end":{"line":281,"column":40},"skip":true},"64":{"start":{"line":283,"column":24},"end":{"line":283,"column":39},"skip":true},"65":{"start":{"line":288,"column":8},"end":{"line":290,"column":9},"skip":true},"66":{"start":{"line":289,"column":12},"end":{"line":289,"column":18},"skip":true},"67":{"start":{"line":291,"column":8},"end":{"line":293,"column":54},"skip":true},"68":{"start":{"line":296,"column":8},"end":{"line":301,"column":37},"skip":true},"69":{"start":{"line":303,"column":8},"end":{"line":303,"column":82},"skip":true},"70":{"start":{"line":306,"column":8},"end":{"line":308,"column":9},"skip":true},"71":{"start":{"line":307,"column":12},"end":{"line":307,"column":82},"skip":true},"72":{"start":{"line":310,"column":8},"end":{"line":312,"column":9},"skip":true},"73":{"start":{"line":311,"column":12},"end":{"line":311,"column":18},"skip":true},"74":{"start":{"line":313,"column":8},"end":{"line":313,"column":54},"skip":true},"75":{"start":{"line":314,"column":8},"end":{"line":314,"column":69},"skip":true},"76":{"start":{"line":315,"column":8},"end":{"line":323,"column":36},"skip":true},"77":{"start":{"line":316,"column":12},"end":{"line":316,"column":61},"skip":true},"78":{"start":{"line":317,"column":12},"end":{"line":320,"column":13},"skip":true},"79":{"start":{"line":318,"column":16},"end":{"line":318,"column":75},"skip":true},"80":{"start":{"line":319,"column":16},"end":{"line":319,"column":23},"skip":true},"81":{"start":{"line":321,"column":12},"end":{"line":321,"column":38},"skip":true},"82":{"start":{"line":322,"column":12},"end":{"line":322,"column":27},"skip":true},"83":{"start":{"line":324,"column":8},"end":{"line":324,"column":14},"skip":true}},"branchMap":{"1":{"line":39,"type":"binary-expr","locations":[{"start":{"line":39,"column":23},"end":{"line":39,"column":62}},{"start":{"line":40,"column":20},"end":{"line":40,"column":70}},{"start":{"line":41,"column":20},"end":{"line":41,"column":71}},{"start":{"line":42,"column":20},"end":{"line":42,"column":29}}]},"2":{"line":44,"type":"binary-expr","locations":[{"start":{"line":44,"column":23},"end":{"line":44,"column":37}},{"start":{"line":45,"column":20},"end":{"line":45,"column":61}},{"start":{"line":46,"column":20},"end":{"line":46,"column":70}},{"start":{"line":47,"column":20},"end":{"line":47,"column":26}}]},"3":{"line":51,"type":"cond-expr","locations":[{"start":{"line":52,"column":14},"end":{"line":52,"column":20}},{"start":{"line":53,"column":14},"end":{"line":53,"column":20}}]},"4":{"line":55,"type":"binary-expr","locations":[{"start":{"line":55,"column":16},"end":{"line":55,"column":44}},{"start":{"line":55,"column":49},"end":{"line":57,"column":43}}]},"5":{"line":55,"type":"cond-expr","locations":[{"start":{"line":56,"column":14},"end":{"line":56,"column":50}},{"start":{"line":57,"column":14},"end":{"line":57,"column":43}}]},"6":{"line":61,"type":"switch","locations":[{"start":{"line":68,"column":4},"end":{"line":150,"column":14},"skip":true},{"start":{"line":156,"column":4},"end":{"line":324,"column":14},"skip":true}]},"7":{"line":70,"type":"if","locations":[{"start":{"line":70,"column":12},"end":{"line":70,"column":12},"skip":true},{"start":{"line":70,"column":12},"end":{"line":70,"column":12},"skip":true}]},"8":{"line":70,"type":"binary-expr","locations":[{"start":{"line":70,"column":16},"end":{"line":70,"column":22},"skip":true},{"start":{"line":70,"column":27},"end":{"line":70,"column":32},"skip":true},{"start":{"line":71,"column":20},"end":{"line":71,"column":39},"skip":true},{"start":{"line":72,"column":20},"end":{"line":72,"column":49},"skip":true},{"start":{"line":73,"column":20},"end":{"line":73,"column":58},"skip":true},{"start":{"line":74,"column":20},"end":{"line":74,"column":69},"skip":true}]},"9":{"line":79,"type":"switch","locations":[{"start":{"line":80,"column":20},"end":{"line":80,"column":33},"skip":true},{"start":{"line":81,"column":20},"end":{"line":83,"column":30},"skip":true},{"start":{"line":84,"column":20},"end":{"line":85,"column":49},"skip":true}]},"10":{"line":89,"type":"switch","locations":[{"start":{"line":90,"column":12},"end":{"line":103,"column":22},"skip":true},{"start":{"line":105,"column":12},"end":{"line":106,"column":22},"skip":true}]},"11":{"line":89,"type":"binary-expr","locations":[{"start":{"line":89,"column":20},"end":{"line":89,"column":25},"skip":true},{"start":{"line":89,"column":29},"end":{"line":89,"column":48},"skip":true},{"start":{"line":89,"column":52},"end":{"line":89,"column":74},"skip":true}]},"12":{"line":92,"type":"if","locations":[{"start":{"line":92,"column":16},"end":{"line":92,"column":16},"skip":true},{"start":{"line":92,"column":16},"end":{"line":92,"column":16},"skip":true}]},"13":{"line":108,"type":"if","locations":[{"start":{"line":108,"column":12},"end":{"line":108,"column":12},"skip":true},{"start":{"line":108,"column":12},"end":{"line":108,"column":12},"skip":true}]},"14":{"line":108,"type":"binary-expr","locations":[{"start":{"line":108,"column":16},"end":{"line":108,"column":61},"skip":true},{"start":{"line":108,"column":66},"end":{"line":108,"column":72},"skip":true},{"start":{"line":108,"column":77},"end":{"line":108,"column":82},"skip":true},{"start":{"line":109,"column":20},"end":{"line":109,"column":39},"skip":true},{"start":{"line":110,"column":20},"end":{"line":110,"column":49},"skip":true},{"start":{"line":111,"column":20},"end":{"line":111,"column":58},"skip":true},{"start":{"line":112,"column":20},"end":{"line":112,"column":68},"skip":true}]},"15":{"line":129,"type":"if","locations":[{"start":{"line":129,"column":16},"end":{"line":129,"column":16},"skip":true},{"start":{"line":129,"column":16},"end":{"line":129,"column":16},"skip":true}]},"16":{"line":134,"type":"cond-expr","locations":[{"start":{"line":135,"column":26},"end":{"line":135,"column":29},"skip":true},{"start":{"line":136,"column":26},"end":{"line":136,"column":54},"skip":true}]},"17":{"line":164,"type":"binary-expr","locations":[{"start":{"line":164,"column":27},"end":{"line":164,"column":43},"skip":true},{"start":{"line":164,"column":47},"end":{"line":164,"column":49},"skip":true}]},"18":{"line":258,"type":"if","locations":[{"start":{"line":258,"column":8},"end":{"line":258,"column":8},"skip":true},{"start":{"line":258,"column":8},"end":{"line":258,"column":8},"skip":true}]},"19":{"line":275,"type":"switch","locations":[{"start":{"line":276,"column":20},"end":{"line":277,"column":64},"skip":true},{"start":{"line":278,"column":20},"end":{"line":279,"column":40},"skip":true},{"start":{"line":280,"column":20},"end":{"line":281,"column":40},"skip":true},{"start":{"line":282,"column":20},"end":{"line":283,"column":39},"skip":true}]},"20":{"line":288,"type":"if","locations":[{"start":{"line":288,"column":8},"end":{"line":288,"column":8},"skip":true},{"start":{"line":288,"column":8},"end":{"line":288,"column":8},"skip":true}]},"21":{"line":288,"type":"binary-expr","locations":[{"start":{"line":288,"column":12},"end":{"line":288,"column":40},"skip":true},{"start":{"line":288,"column":44},"end":{"line":288,"column":67},"skip":true}]},"22":{"line":292,"type":"binary-expr","locations":[{"start":{"line":292,"column":12},"end":{"line":292,"column":50},"skip":true},{"start":{"line":293,"column":12},"end":{"line":293,"column":53},"skip":true}]},"23":{"line":297,"type":"binary-expr","locations":[{"start":{"line":297,"column":12},"end":{"line":297,"column":64},"skip":true},{"start":{"line":298,"column":12},"end":{"line":301,"column":36},"skip":true}]},"24":{"line":303,"type":"binary-expr","locations":[{"start":{"line":303,"column":43},"end":{"line":303,"column":75},"skip":true},{"start":{"line":303,"column":79},"end":{"line":303,"column":81},"skip":true}]},"25":{"line":306,"type":"if","locations":[{"start":{"line":306,"column":8},"end":{"line":306,"column":8},"skip":true},{"start":{"line":306,"column":8},"end":{"line":306,"column":8},"skip":true}]},"26":{"line":310,"type":"if","locations":[{"start":{"line":310,"column":8},"end":{"line":310,"column":8},"skip":true},{"start":{"line":310,"column":8},"end":{"line":310,"column":8},"skip":true}]},"27":{"line":313,"type":"binary-expr","locations":[{"start":{"line":313,"column":27},"end":{"line":313,"column":43},"skip":true},{"start":{"line":313,"column":47},"end":{"line":313,"column":53},"skip":true}]},"28":{"line":317,"type":"if","locations":[{"start":{"line":317,"column":12},"end":{"line":317,"column":12},"skip":true},{"start":{"line":317,"column":12},"end":{"line":317,"column":12},"skip":true}]}},"code":["/*","example.js","","quickstart example","","instruction","    1. save this script as example.js","    2. run the shell command:","        $ npm install npmtest-agenda && PORT=8081 node example.js","    3. play with the browser-demo on http://127.0.0.1:8081","*/","","","","/* istanbul instrument in package npmtest_agenda */","/*jslint","    bitwise: true,","    browser: true,","    maxerr: 8,","    maxlen: 96,","    node: true,","    nomen: true,","    regexp: true,","    stupid: true","*/","(function () {","    'use strict';","    var local;","","","","    // run shared js-env code - pre-init","    (function () {","        // init local","        local = {};","        // init modeJs","        local.modeJs = (function () {","            try {","                return typeof navigator.userAgent === 'string' &&","                    typeof document.querySelector('body') === 'object' &&","                    typeof XMLHttpRequest.prototype.open === 'function' &&","                    'browser';","            } catch (errorCaughtBrowser) {","                return module.exports &&","                    typeof process.versions.node === 'string' &&","                    typeof require('http').createServer === 'function' &&","                    'node';","            }","        }());","        // init global","        local.global = local.modeJs === 'browser'","            ? window","            : global;","        // init utility2_rollup","        local = local.global.utility2_rollup || (local.modeJs === 'browser'","            ? local.global.utility2_npmtest_agenda","            : global.utility2_moduleExports);","        // export local","        local.global.local = local;","    }());","    switch (local.modeJs) {","","","","    // post-init","    // run browser js-env code - post-init","    /* istanbul ignore next */","    case 'browser':","        local.testRunBrowser = function (event) {","            if (!event || (event &&","                    event.currentTarget &&","                    event.currentTarget.className &&","                    event.currentTarget.className.includes &&","                    event.currentTarget.className.includes('onreset'))) {","                // reset output","                Array.from(","                    document.querySelectorAll('body > .resettable')","                ).forEach(function (element) {","                    switch (element.tagName) {","                    case 'INPUT':","                    case 'TEXTAREA':","                        element.value = '';","                        break;","                    default:","                        element.textContent = '';","                    }","                });","            }","            switch (event && event.currentTarget && event.currentTarget.id) {","            case 'testRunButton1':","                // show tests","                if (document.querySelector('#testReportDiv1').style.display === 'none') {","                    document.querySelector('#testReportDiv1').style.display = 'block';","                    document.querySelector('#testRunButton1').textContent =","                        'hide internal test';","                    local.modeTest = true;","                    local.testRunDefault(local);","                // hide tests","                } else {","                    document.querySelector('#testReportDiv1').style.display = 'none';","                    document.querySelector('#testRunButton1').textContent = 'run internal test';","                }","                break;","            // custom-case","            default:","                break;","            }","            if (document.querySelector('#inputTextareaEval1') && (!event || (event &&","                    event.currentTarget &&","                    event.currentTarget.className &&","                    event.currentTarget.className.includes &&","                    event.currentTarget.className.includes('oneval')))) {","                // try to eval input-code","                try {","                    /*jslint evil: true*/","                    eval(document.querySelector('#inputTextareaEval1').value);","                } catch (errorCaught) {","                    console.error(errorCaught);","                }","            }","        };","        // log stderr and stdout to #outputTextareaStdout1","        ['error', 'log'].forEach(function (key) {","            console[key + '_original'] = console[key];","            console[key] = function () {","                var element;","                console[key + '_original'].apply(console, arguments);","                element = document.querySelector('#outputTextareaStdout1');","                if (!element) {","                    return;","                }","                // append text to #outputTextareaStdout1","                element.value += Array.from(arguments).map(function (arg) {","                    return typeof arg === 'string'","                        ? arg","                        : JSON.stringify(arg, null, 4);","                }).join(' ') + '\\n';","                // scroll textarea to bottom","                element.scrollTop = element.scrollHeight;","            };","        });","        // init event-handling","        ['change', 'click', 'keyup'].forEach(function (event) {","            Array.from(document.querySelectorAll('.on' + event)).forEach(function (element) {","                element.addEventListener(event, local.testRunBrowser);","            });","        });","        // run tests","        local.testRunBrowser();","        break;","","","","    // run node js-env code - post-init","    /* istanbul ignore next */","    case 'node':","        // export local","        module.exports = local;","        // require modules","        local.fs = require('fs');","        local.http = require('http');","        local.url = require('url');","        // init assets","        local.assetsDict = local.assetsDict || {};","        /* jslint-ignore-begin */","        local.assetsDict['/assets.index.template.html'] = '\\","<!doctype html>\\n\\","<html lang=\"en\">\\n\\","<head>\\n\\","<meta charset=\"UTF-8\">\\n\\","<meta name=\"viewport\" content=\"width=device-width, initial-scale=1\">\\n\\","<title>{{env.npm_package_name}} (v{{env.npm_package_version}})</title>\\n\\","<style>\\n\\","/*csslint\\n\\","    box-sizing: false,\\n\\","    universal-selector: false\\n\\","*/\\n\\","* {\\n\\","    box-sizing: border-box;\\n\\","}\\n\\","body {\\n\\","    background: #dde;\\n\\","    font-family: Arial, Helvetica, sans-serif;\\n\\","    margin: 2rem;\\n\\","}\\n\\","body > * {\\n\\","    margin-bottom: 1rem;\\n\\","}\\n\\",".utility2FooterDiv {\\n\\","    margin-top: 20px;\\n\\","    text-align: center;\\n\\","}\\n\\","</style>\\n\\","<style>\\n\\","/*csslint\\n\\","*/\\n\\","textarea {\\n\\","    font-family: monospace;\\n\\","    height: 10rem;\\n\\","    width: 100%;\\n\\","}\\n\\","textarea[readonly] {\\n\\","    background: #ddd;\\n\\","}\\n\\","</style>\\n\\","</head>\\n\\","<body>\\n\\","<!-- utility2-comment\\n\\","<div id=\"ajaxProgressDiv1\" style=\"background: #d00; height: 2px; left: 0; margin: 0; padding: 0; position: fixed; top: 0; transition: background 0.5s, width 1.5s; width: 25%;\"></div>\\n\\","utility2-comment -->\\n\\","<h1>\\n\\","<!-- utility2-comment\\n\\","    <a\\n\\","        {{#if env.npm_package_homepage}}\\n\\","        href=\"{{env.npm_package_homepage}}\"\\n\\","        {{/if env.npm_package_homepage}}\\n\\","        target=\"_blank\"\\n\\","    >\\n\\","utility2-comment -->\\n\\","        {{env.npm_package_name}} (v{{env.npm_package_version}})\\n\\","<!-- utility2-comment\\n\\","    </a>\\n\\","utility2-comment -->\\n\\","</h1>\\n\\","<h3>{{env.npm_package_description}}</h3>\\n\\","<!-- utility2-comment\\n\\","<h4><a download href=\"assets.app.js\">download standalone app</a></h4>\\n\\","<button class=\"onclick onreset\" id=\"testRunButton1\">run internal test</button><br>\\n\\","<div id=\"testReportDiv1\" style=\"display: none;\"></div>\\n\\","utility2-comment -->\\n\\","\\n\\","\\n\\","\\n\\","<label>stderr and stdout</label>\\n\\","<textarea class=\"resettable\" id=\"outputTextareaStdout1\" readonly></textarea>\\n\\","<!-- utility2-comment\\n\\","{{#if isRollup}}\\n\\","<script src=\"assets.app.js\"></script>\\n\\","{{#unless isRollup}}\\n\\","utility2-comment -->\\n\\","<script src=\"assets.utility2.rollup.js\"></script>\\n\\","<script src=\"jsonp.utility2._stateInit?callback=window.utility2._stateInit\"></script>\\n\\","<script src=\"assets.npmtest_agenda.rollup.js\"></script>\\n\\","<script src=\"assets.example.js\"></script>\\n\\","<script src=\"assets.test.js\"></script>\\n\\","<!-- utility2-comment\\n\\","{{/if isRollup}}\\n\\","utility2-comment -->\\n\\","<div class=\"utility2FooterDiv\">\\n\\","    [ this app was created with\\n\\","    <a href=\"https://github.com/kaizhu256/node-utility2\" target=\"_blank\">utility2</a>\\n\\","    ]\\n\\","</div>\\n\\","</body>\\n\\","</html>\\n\\","';","        /* jslint-ignore-end */","        if (local.templateRender) {","            local.assetsDict['/'] = local.templateRender(","                local.assetsDict['/assets.index.template.html'],","                {","                    env: local.objectSetDefault(local.env, {","                        npm_package_description: 'the greatest app in the world!',","                        npm_package_name: 'my-app',","                        npm_package_nameAlias: 'my_app',","                        npm_package_version: '0.0.1'","                    })","                }","            );","        } else {","            local.assetsDict['/'] = local.assetsDict['/assets.index.template.html']","                .replace((/\\{\\{env\\.(\\w+?)\\}\\}/g), function (match0, match1) {","                    // jslint-hack","                    String(match0);","                    switch (match1) {","                    case 'npm_package_description':","                        return 'the greatest app in the world!';","                    case 'npm_package_name':","                        return 'my-app';","                    case 'npm_package_nameAlias':","                        return 'my_app';","                    case 'npm_package_version':","                        return '0.0.1';","                    }","                });","        }","        // run the cli","        if (local.global.utility2_rollup || module !== require.main) {","            break;","        }","        local.assetsDict['/assets.example.js'] =","            local.assetsDict['/assets.example.js'] ||","            local.fs.readFileSync(__filename, 'utf8');","        // bug-workaround - long $npm_package_buildCustomOrg","        /* jslint-ignore-begin */","        local.assetsDict['/assets.npmtest_agenda.rollup.js'] =","            local.assetsDict['/assets.npmtest_agenda.rollup.js'] ||","            local.fs.readFileSync(","                local.npmtest_agenda.__dirname + '/lib.npmtest_agenda.js',","                'utf8'","            ).replace((/^#!/), '//');","        /* jslint-ignore-end */","        local.assetsDict['/favicon.ico'] = local.assetsDict['/favicon.ico'] || '';","        // if $npm_config_timeout_exit exists,","        // then exit this process after $npm_config_timeout_exit ms","        if (Number(process.env.npm_config_timeout_exit)) {","            setTimeout(process.exit, Number(process.env.npm_config_timeout_exit));","        }","        // start server","        if (local.global.utility2_serverHttp1) {","            break;","        }","        process.env.PORT = process.env.PORT || '8081';","        console.error('server starting on port ' + process.env.PORT);","        local.http.createServer(function (request, response) {","            request.urlParsed = local.url.parse(request.url);","            if (local.assetsDict[request.urlParsed.pathname] !== undefined) {","                response.end(local.assetsDict[request.urlParsed.pathname]);","                return;","            }","            response.statusCode = 404;","            response.end();","        }).listen(process.env.PORT);","        break;","    }","}());",""],"l":{"26":2,"28":2,"33":2,"35":2,"37":2,"38":2,"39":2,"44":1,"51":2,"55":2,"59":2,"61":2,"69":1,"70":2,"76":2,"79":2,"82":2,"83":2,"85":1,"89":2,"92":1,"93":1,"94":1,"96":1,"97":1,"100":1,"101":1,"103":1,"106":1,"108":2,"114":1,"116":1,"118":1,"123":1,"124":2,"125":2,"126":3,"127":3,"128":3,"129":3,"130":1,"133":3,"134":3,"139":3,"143":1,"144":3,"145":1,"149":1,"150":1,"158":1,"160":1,"161":1,"162":1,"164":1,"166":1,"258":1,"259":1,"271":1,"274":6,"275":6,"277":1,"279":2,"281":1,"283":2,"288":1,"289":1,"291":1,"296":1,"303":1,"306":1,"307":1,"310":1,"311":1,"313":1,"314":1,"315":1,"316":1,"317":1,"318":1,"319":1,"321":1,"322":1,"324":1}},"/home/travis/build/npmtest/node-npmtest-agenda/node_modules/agenda/index.js":{"path":"/home/travis/build/npmtest/node-npmtest-agenda/node_modules/agenda/index.js","s":{"1":1},"b":{},"f":{},"fnMap":{},"statementMap":{"1":{"start":{"line":1,"column":0},"end":{"line":1,"column":57}}},"branchMap":{},"code":["var agenda = module.exports = require('./lib/agenda.js');",""],"l":{"1":1}},"/home/travis/build/npmtest/node-npmtest-agenda/node_modules/agenda/lib/agenda.js":{"path":"/home/travis/build/npmtest/node-npmtest-agenda/node_modules/agenda/lib/agenda.js","s":{"1":1,"2":1,"3":1,"4":0,"5":0,"6":0,"7":0,"8":0,"9":0,"10":0,"11":0,"12":0,"13":0,"14":0,"15":0,"16":0,"17":0,"18":0,"19":0,"20":0,"21":0,"22":0,"23":0,"24":1,"25":1,"26":0,"27":0,"28":0,"29":1,"30":0,"31":0,"32":0,"33":0,"34":0,"35":0,"36":0,"37":0,"38":0,"39":0,"40":0,"41":0,"42":0,"43":0,"44":1,"45":0,"46":0,"47":0,"48":0,"49":1,"50":0,"51":0,"52":0,"53":0,"54":0,"55":0,"56":0,"57":0,"58":1,"59":0,"60":0,"61":1,"62":0,"63":0,"64":1,"65":0,"66":0,"67":1,"68":0,"69":0,"70":1,"71":0,"72":0,"73":1,"74":0,"75":0,"76":1,"77":0,"78":0,"79":1,"80":0,"81":0,"82":0,"83":1,"84":0,"85":0,"86":0,"87":0,"88":0,"89":0,"90":1,"91":0,"92":0,"93":1,"94":0,"95":0,"96":0,"97":0,"98":1,"99":0,"100":0,"101":0,"102":0,"103":0,"104":0,"105":0,"106":0,"107":0,"108":0,"109":0,"110":1,"111":0,"112":0,"113":0,"114":0,"115":0,"116":0,"117":1,"118":0,"119":0,"120":0,"121":0,"122":0,"123":0,"124":0,"125":0,"126":0,"127":0,"128":0,"129":0,"130":0,"131":1,"132":0,"133":0,"134":0,"135":0,"136":0,"137":0,"138":0,"139":0,"140":1,"141":0,"142":0,"143":0,"144":0,"145":1,"146":0,"147":0,"148":0,"149":0,"150":0,"151":0,"152":0,"153":0,"154":0,"155":0,"156":0,"157":0,"158":0,"159":1,"160":0,"161":0,"162":0,"163":0,"164":0,"165":0,"166":0,"167":1,"168":0,"169":0,"170":0,"171":1,"172":0,"173":0,"174":0,"175":0,"176":0,"177":0,"178":0,"179":0,"180":0,"181":0,"182":0,"183":0,"184":0,"185":0,"186":0,"187":0,"188":0,"189":0,"190":0,"191":0,"192":0,"193":0,"194":0,"195":0,"196":0,"197":0,"198":1,"199":0,"200":0,"201":0,"202":0,"203":0,"204":0,"205":0,"206":0,"207":0,"208":0,"209":0,"210":0,"211":0,"212":0,"213":0,"214":1,"215":0,"216":0,"217":0,"218":1,"219":0,"220":0,"221":0,"222":0,"223":1,"224":0,"225":0,"226":0,"227":0,"228":0,"229":0,"230":0,"231":0,"232":0,"233":1,"234":0,"235":0,"236":1,"237":0,"238":0,"239":0,"240":1,"241":0,"242":0,"243":0,"244":0,"245":0,"246":0,"247":0,"248":0,"249":0,"250":1,"251":0,"252":0,"253":0,"254":0,"255":0,"256":0,"257":0,"258":1,"259":0,"260":0,"261":0,"262":0,"263":0,"264":0,"265":0,"266":0,"267":0,"268":0,"269":0,"270":0,"271":0,"272":0,"273":0,"274":0,"275":0,"276":0,"277":0,"278":0,"279":0,"280":1,"281":0,"282":0,"283":0,"284":0,"285":0,"286":0,"287":0,"288":0,"289":0,"290":0,"291":0,"292":0,"293":0,"294":0,"295":0,"296":0,"297":0,"298":0,"299":0,"300":0,"301":0,"302":0,"303":0,"304":0,"305":0,"306":1,"307":0,"308":0,"309":0,"310":0,"311":0,"312":0,"313":0,"314":0,"315":0,"316":0,"317":0,"318":0,"319":0,"320":1,"321":0,"322":0,"323":0,"324":0,"325":0,"326":0,"327":0,"328":0,"329":0,"330":0,"331":0,"332":0,"333":1,"334":0,"335":0,"336":0,"337":0,"338":0,"339":0,"340":0,"341":0,"342":0,"343":0,"344":0,"345":0,"346":0,"347":1,"348":0,"349":0,"350":0,"351":0,"352":0,"353":0,"354":0,"355":0,"356":0,"357":0,"358":0,"359":0},"b":{"1":[0,0],"2":[0,0],"3":[0,0],"4":[0,0],"5":[0,0],"6":[0,0],"7":[0,0],"8":[0,0],"9":[0,0],"10":[0,0],"11":[0,0],"12":[0,0],"13":[0,0],"14":[0,0],"15":[0,0],"16":[0,0],"17":[0,0],"18":[0,0],"19":[0,0],"20":[0,0],"21":[0,0],"22":[0,0],"23":[0,0],"24":[0,0],"25":[0,0],"26":[0,0],"27":[0,0],"28":[0,0],"29":[0,0],"30":[0,0],"31":[0,0],"32":[0,0],"33":[0,0],"34":[0,0],"35":[0,0],"36":[0,0],"37":[0,0],"38":[0,0],"39":[0,0],"40":[0,0],"41":[0,0],"42":[0,0],"43":[0,0],"44":[0,0],"45":[0,0],"46":[0,0],"47":[0,0],"48":[0,0],"49":[0,0],"50":[0,0],"51":[0,0],"52":[0,0],"53":[0,0],"54":[0,0],"55":[0,0],"56":[0,0],"57":[0,0],"58":[0,0],"59":[0,0],"60":[0,0],"61":[0,0],"62":[0,0],"63":[0,0],"64":[0,0],"65":[0,0],"66":[0,0],"67":[0,0],"68":[0,0],"69":[0,0],"70":[0,0],"71":[0,0],"72":[0,0],"73":[0,0],"74":[0,0],"75":[0,0],"76":[0,0],"77":[0,0],"78":[0,0],"79":[0,0],"80":[0,0],"81":[0,0],"82":[0,0],"83":[0,0],"84":[0,0],"85":[0,0],"86":[0,0],"87":[0,0],"88":[0,0],"89":[0,0],"90":[0,0],"91":[0,0],"92":[0,0],"93":[0,0],"94":[0,0],"95":[0,0],"96":[0,0],"97":[0,0],"98":[0,0],"99":[0,0],"100":[0,0],"101":[0,0],"102":[0,0],"103":[0,0],"104":[0,0],"105":[0,0],"106":[0,0]},"f":{"1":0,"2":0,"3":0,"4":0,"5":0,"6":0,"7":0,"8":0,"9":0,"10":0,"11":0,"12":0,"13":0,"14":0,"15":0,"16":0,"17":0,"18":0,"19":0,"20":0,"21":0,"22":0,"23":0,"24":0,"25":0,"26":0,"27":0,"28":0,"29":0,"30":0,"31":0,"32":0,"33":0,"34":0,"35":0,"36":0,"37":0,"38":0,"39":0,"40":0,"41":0,"42":0,"43":0,"44":0,"45":0,"46":0,"47":0,"48":0,"49":0,"50":0,"51":0,"52":0,"53":0,"54":0,"55":0,"56":0,"57":0},"fnMap":{"1":{"name":"(anonymous_1)","line":26,"loc":{"start":{"line":26,"column":30},"end":{"line":26,"column":51}}},"2":{"name":"(anonymous_2)","line":56,"loc":{"start":{"line":56,"column":25},"end":{"line":56,"column":56}}},"3":{"name":"(anonymous_3)","line":69,"loc":{"start":{"line":69,"column":28},"end":{"line":69,"column":67}}},"4":{"name":"(anonymous_4)","line":78,"loc":{"start":{"line":78,"column":36},"end":{"line":78,"column":58}}},"5":{"name":"(anonymous_5)","line":99,"loc":{"start":{"line":99,"column":27},"end":{"line":99,"column":53}}},"6":{"name":"(anonymous_6)","line":109,"loc":{"start":{"line":109,"column":32},"end":{"line":109,"column":55}}},"7":{"name":"handleLegacyCreateIndex","line":114,"loc":{"start":{"line":114,"column":0},"end":{"line":114,"column":55}}},"8":{"name":"(anonymous_8)","line":135,"loc":{"start":{"line":135,"column":24},"end":{"line":135,"column":39}}},"9":{"name":"(anonymous_9)","line":140,"loc":{"start":{"line":140,"column":32},"end":{"line":140,"column":47}}},"10":{"name":"(anonymous_10)","line":145,"loc":{"start":{"line":145,"column":34},"end":{"line":145,"column":48}}},"11":{"name":"(anonymous_11)","line":150,"loc":{"start":{"line":150,"column":38},"end":{"line":150,"column":52}}},"12":{"name":"(anonymous_12)","line":155,"loc":{"start":{"line":155,"column":29},"end":{"line":155,"column":44}}},"13":{"name":"(anonymous_13)","line":160,"loc":{"start":{"line":160,"column":36},"end":{"line":160,"column":51}}},"14":{"name":"(anonymous_14)","line":165,"loc":{"start":{"line":165,"column":39},"end":{"line":165,"column":51}}},"15":{"name":"(anonymous_15)","line":171,"loc":{"start":{"line":171,"column":26},"end":{"line":171,"column":47}}},"16":{"name":"(anonymous_16)","line":181,"loc":{"start":{"line":181,"column":24},"end":{"line":181,"column":45}}},"17":{"name":"(anonymous_17)","line":183,"loc":{"start":{"line":183,"column":42},"end":{"line":183,"column":67}}},"18":{"name":"(anonymous_18)","line":193,"loc":{"start":{"line":193,"column":25},"end":{"line":193,"column":38}}},"19":{"name":"(anonymous_19)","line":198,"loc":{"start":{"line":198,"column":26},"end":{"line":198,"column":61}}},"20":{"name":"(anonymous_20)","line":214,"loc":{"start":{"line":214,"column":25},"end":{"line":214,"column":70}}},"21":{"name":"createJob","line":231,"loc":{"start":{"line":231,"column":2},"end":{"line":231,"column":56}}},"22":{"name":"createJobs","line":240,"loc":{"start":{"line":240,"column":2},"end":{"line":240,"column":58}}},"23":{"name":"(anonymous_23)","line":244,"loc":{"start":{"line":244,"column":21},"end":{"line":244,"column":40}}},"24":{"name":"(anonymous_24)","line":245,"loc":{"start":{"line":245,"column":54},"end":{"line":245,"column":76}}},"25":{"name":"(anonymous_25)","line":259,"loc":{"start":{"line":259,"column":28},"end":{"line":259,"column":60}}},"26":{"name":"createJob","line":274,"loc":{"start":{"line":274,"column":2},"end":{"line":274,"column":43}}},"27":{"name":"createJobs","line":281,"loc":{"start":{"line":281,"column":2},"end":{"line":281,"column":45}}},"28":{"name":"(anonymous_28)","line":285,"loc":{"start":{"line":285,"column":21},"end":{"line":285,"column":40}}},"29":{"name":"(anonymous_29)","line":286,"loc":{"start":{"line":286,"column":41},"end":{"line":286,"column":63}}},"30":{"name":"(anonymous_30)","line":299,"loc":{"start":{"line":299,"column":23},"end":{"line":299,"column":48}}},"31":{"name":"(anonymous_31)","line":317,"loc":{"start":{"line":317,"column":26},"end":{"line":317,"column":46}}},"32":{"name":"(anonymous_32)","line":318,"loc":{"start":{"line":318,"column":38},"end":{"line":318,"column":63}}},"33":{"name":"(anonymous_33)","line":326,"loc":{"start":{"line":326,"column":27},"end":{"line":326,"column":45}}},"34":{"name":"processDbResult","line":367,"loc":{"start":{"line":367,"column":2},"end":{"line":367,"column":40}}},"35":{"name":"(anonymous_35)","line":398,"loc":{"start":{"line":398,"column":25},"end":{"line":398,"column":36}}},"36":{"name":"(anonymous_36)","line":405,"loc":{"start":{"line":405,"column":24},"end":{"line":405,"column":37}}},"37":{"name":"(anonymous_37)","line":406,"loc":{"start":{"line":406,"column":13},"end":{"line":406,"column":24}}},"38":{"name":"(anonymous_38)","line":419,"loc":{"start":{"line":419,"column":39},"end":{"line":419,"column":73}}},"39":{"name":"(anonymous_39)","line":441,"loc":{"start":{"line":441,"column":6},"end":{"line":441,"column":29}}},"40":{"name":"createJob","line":460,"loc":{"start":{"line":460,"column":0},"end":{"line":460,"column":36}}},"41":{"name":"(anonymous_41)","line":467,"loc":{"start":{"line":467,"column":31},"end":{"line":467,"column":46}}},"42":{"name":"(anonymous_42)","line":468,"loc":{"start":{"line":468,"column":36},"end":{"line":468,"column":51}}},"43":{"name":"processJobs","line":474,"loc":{"start":{"line":474,"column":0},"end":{"line":474,"column":31}}},"44":{"name":"shouldLock","line":499,"loc":{"start":{"line":499,"column":2},"end":{"line":499,"column":28}}},"45":{"name":"enqueueJobs","line":514,"loc":{"start":{"line":514,"column":2},"end":{"line":514,"column":38}}},"46":{"name":"(anonymous_46)","line":519,"loc":{"start":{"line":519,"column":17},"end":{"line":519,"column":31}}},"47":{"name":"(anonymous_47)","line":525,"loc":{"start":{"line":525,"column":24},"end":{"line":525,"column":36}}},"48":{"name":"(anonymous_48)","line":528,"loc":{"start":{"line":528,"column":23},"end":{"line":528,"column":44}}},"49":{"name":"(anonymous_49)","line":534,"loc":{"start":{"line":534,"column":24},"end":{"line":534,"column":36}}},"50":{"name":"(anonymous_50)","line":537,"loc":{"start":{"line":537,"column":23},"end":{"line":537,"column":44}}},"51":{"name":"lockOnTheFly","line":551,"loc":{"start":{"line":551,"column":2},"end":{"line":551,"column":26}}},"52":{"name":"(anonymous_52)","line":586,"loc":{"start":{"line":586,"column":68},"end":{"line":586,"column":88}}},"53":{"name":"jobQueueFilling","line":601,"loc":{"start":{"line":601,"column":2},"end":{"line":601,"column":33}}},"54":{"name":"(anonymous_54)","line":608,"loc":{"start":{"line":608,"column":54},"end":{"line":608,"column":73}}},"55":{"name":"jobProcessing","line":624,"loc":{"start":{"line":624,"column":2},"end":{"line":624,"column":27}}},"56":{"name":"runOrRetry","line":647,"loc":{"start":{"line":647,"column":4},"end":{"line":647,"column":26}}},"57":{"name":"processJobResult","line":674,"loc":{"start":{"line":674,"column":2},"end":{"line":674,"column":38}}}},"statementMap":{"1":{"start":{"line":17,"column":0},"end":{"line":20,"column":43}},"2":{"start":{"line":22,"column":0},"end":{"line":23,"column":31}},"3":{"start":{"line":26,"column":0},"end":{"line":50,"column":2}},"4":{"start":{"line":27,"column":2},"end":{"line":29,"column":3}},"5":{"start":{"line":28,"column":4},"end":{"line":28,"column":30}},"6":{"start":{"line":30,"column":2},"end":{"line":30,"column":32}},"7":{"start":{"line":31,"column":2},"end":{"line":31,"column":27}},"8":{"start":{"line":32,"column":2},"end":{"line":32,"column":88}},"9":{"start":{"line":33,"column":2},"end":{"line":33,"column":60}},"10":{"start":{"line":34,"column":2},"end":{"line":34,"column":53}},"11":{"start":{"line":35,"column":2},"end":{"line":35,"column":56}},"12":{"start":{"line":36,"column":2},"end":{"line":36,"column":42}},"13":{"start":{"line":37,"column":2},"end":{"line":37,"column":25}},"14":{"start":{"line":38,"column":2},"end":{"line":38,"column":25}},"15":{"start":{"line":39,"column":2},"end":{"line":39,"column":24}},"16":{"start":{"line":40,"column":2},"end":{"line":40,"column":22}},"17":{"start":{"line":41,"column":2},"end":{"line":41,"column":75}},"18":{"start":{"line":43,"column":2},"end":{"line":43,"column":34}},"19":{"start":{"line":44,"column":2},"end":{"line":44,"column":24}},"20":{"start":{"line":45,"column":2},"end":{"line":49,"column":3}},"21":{"start":{"line":46,"column":4},"end":{"line":46,"column":79}},"22":{"start":{"line":47,"column":9},"end":{"line":49,"column":3}},"23":{"start":{"line":48,"column":4},"end":{"line":48,"column":82}},"24":{"start":{"line":52,"column":0},"end":{"line":52,"column":32}},"25":{"start":{"line":56,"column":0},"end":{"line":60,"column":2}},"26":{"start":{"line":57,"column":2},"end":{"line":57,"column":18}},"27":{"start":{"line":58,"column":2},"end":{"line":58,"column":31}},"28":{"start":{"line":59,"column":2},"end":{"line":59,"column":14}},"29":{"start":{"line":69,"column":0},"end":{"line":93,"column":2}},"30":{"start":{"line":70,"column":2},"end":{"line":72,"column":3}},"31":{"start":{"line":71,"column":4},"end":{"line":71,"column":29}},"32":{"start":{"line":74,"column":2},"end":{"line":74,"column":42}},"33":{"start":{"line":75,"column":2},"end":{"line":75,"column":26}},"34":{"start":{"line":76,"column":2},"end":{"line":76,"column":18}},"35":{"start":{"line":78,"column":2},"end":{"line":91,"column":5}},"36":{"start":{"line":79,"column":4},"end":{"line":87,"column":5}},"37":{"start":{"line":80,"column":6},"end":{"line":84,"column":7}},"38":{"start":{"line":81,"column":8},"end":{"line":81,"column":24}},"39":{"start":{"line":83,"column":8},"end":{"line":83,"column":20}},"40":{"start":{"line":86,"column":6},"end":{"line":86,"column":13}},"41":{"start":{"line":89,"column":4},"end":{"line":89,"column":19}},"42":{"start":{"line":90,"column":4},"end":{"line":90,"column":35}},"43":{"start":{"line":92,"column":2},"end":{"line":92,"column":14}},"44":{"start":{"line":99,"column":0},"end":{"line":112,"column":2}},"45":{"start":{"line":100,"column":2},"end":{"line":100,"column":70}},"46":{"start":{"line":101,"column":2},"end":{"line":101,"column":18}},"47":{"start":{"line":102,"column":2},"end":{"line":111,"column":35}},"48":{"start":{"line":110,"column":34},"end":{"line":110,"column":80}},"49":{"start":{"line":114,"column":0},"end":{"line":133,"column":1}},"50":{"start":{"line":115,"column":2},"end":{"line":129,"column":3}},"51":{"start":{"line":116,"column":4},"end":{"line":116,"column":28}},"52":{"start":{"line":119,"column":4},"end":{"line":119,"column":15}},"53":{"start":{"line":120,"column":4},"end":{"line":123,"column":6}},"54":{"start":{"line":124,"column":4},"end":{"line":127,"column":6}},"55":{"start":{"line":128,"column":4},"end":{"line":128,"column":23}},"56":{"start":{"line":130,"column":2},"end":{"line":132,"column":3}},"57":{"start":{"line":131,"column":4},"end":{"line":131,"column":30}},"58":{"start":{"line":135,"column":0},"end":{"line":138,"column":2}},"59":{"start":{"line":136,"column":2},"end":{"line":136,"column":20}},"60":{"start":{"line":137,"column":2},"end":{"line":137,"column":14}},"61":{"start":{"line":140,"column":0},"end":{"line":143,"column":2}},"62":{"start":{"line":141,"column":2},"end":{"line":141,"column":43}},"63":{"start":{"line":142,"column":2},"end":{"line":142,"column":14}},"64":{"start":{"line":145,"column":0},"end":{"line":148,"column":2}},"65":{"start":{"line":146,"column":2},"end":{"line":146,"column":29}},"66":{"start":{"line":147,"column":2},"end":{"line":147,"column":14}},"67":{"start":{"line":150,"column":0},"end":{"line":153,"column":2}},"68":{"start":{"line":151,"column":2},"end":{"line":151,"column":33}},"69":{"start":{"line":152,"column":2},"end":{"line":152,"column":14}},"70":{"start":{"line":155,"column":0},"end":{"line":158,"column":2}},"71":{"start":{"line":156,"column":2},"end":{"line":156,"column":24}},"72":{"start":{"line":157,"column":2},"end":{"line":157,"column":14}},"73":{"start":{"line":160,"column":0},"end":{"line":163,"column":2}},"74":{"start":{"line":161,"column":2},"end":{"line":161,"column":31}},"75":{"start":{"line":162,"column":2},"end":{"line":162,"column":14}},"76":{"start":{"line":165,"column":0},"end":{"line":168,"column":2}},"77":{"start":{"line":166,"column":2},"end":{"line":166,"column":33}},"78":{"start":{"line":167,"column":2},"end":{"line":167,"column":14}},"79":{"start":{"line":171,"column":0},"end":{"line":175,"column":2}},"80":{"start":{"line":172,"column":2},"end":{"line":172,"column":80}},"81":{"start":{"line":173,"column":2},"end":{"line":173,"column":96}},"82":{"start":{"line":174,"column":2},"end":{"line":174,"column":13}},"83":{"start":{"line":181,"column":0},"end":{"line":190,"column":2}},"84":{"start":{"line":182,"column":2},"end":{"line":182,"column":18}},"85":{"start":{"line":183,"column":2},"end":{"line":189,"column":5}},"86":{"start":{"line":184,"column":4},"end":{"line":184,"column":13}},"87":{"start":{"line":185,"column":4},"end":{"line":187,"column":5}},"88":{"start":{"line":186,"column":6},"end":{"line":186,"column":56}},"89":{"start":{"line":188,"column":4},"end":{"line":188,"column":22}},"90":{"start":{"line":193,"column":0},"end":{"line":196,"column":2}},"91":{"start":{"line":194,"column":2},"end":{"line":194,"column":52}},"92":{"start":{"line":195,"column":2},"end":{"line":195,"column":57}},"93":{"start":{"line":198,"column":0},"end":{"line":212,"column":2}},"94":{"start":{"line":199,"column":2},"end":{"line":202,"column":3}},"95":{"start":{"line":200,"column":4},"end":{"line":200,"column":24}},"96":{"start":{"line":201,"column":4},"end":{"line":201,"column":17}},"97":{"start":{"line":203,"column":2},"end":{"line":211,"column":4}},"98":{"start":{"line":214,"column":0},"end":{"line":257,"column":2}},"99":{"start":{"line":215,"column":2},"end":{"line":215,"column":18}},"100":{"start":{"line":217,"column":2},"end":{"line":223,"column":3}},"101":{"start":{"line":218,"column":4},"end":{"line":218,"column":14}},"102":{"start":{"line":219,"column":4},"end":{"line":219,"column":21}},"103":{"start":{"line":220,"column":9},"end":{"line":223,"column":3}},"104":{"start":{"line":221,"column":4},"end":{"line":221,"column":17}},"105":{"start":{"line":222,"column":4},"end":{"line":222,"column":24}},"106":{"start":{"line":225,"column":2},"end":{"line":229,"column":3}},"107":{"start":{"line":226,"column":4},"end":{"line":226,"column":57}},"108":{"start":{"line":227,"column":9},"end":{"line":229,"column":3}},"109":{"start":{"line":228,"column":4},"end":{"line":228,"column":58}},"110":{"start":{"line":231,"column":2},"end":{"line":238,"column":3}},"111":{"start":{"line":232,"column":4},"end":{"line":232,"column":38}},"112":{"start":{"line":233,"column":4},"end":{"line":233,"column":30}},"113":{"start":{"line":234,"column":4},"end":{"line":234,"column":39}},"114":{"start":{"line":235,"column":4},"end":{"line":235,"column":27}},"115":{"start":{"line":236,"column":4},"end":{"line":236,"column":17}},"116":{"start":{"line":237,"column":4},"end":{"line":237,"column":15}},"117":{"start":{"line":240,"column":2},"end":{"line":256,"column":3}},"118":{"start":{"line":241,"column":4},"end":{"line":241,"column":21}},"119":{"start":{"line":242,"column":4},"end":{"line":242,"column":31}},"120":{"start":{"line":243,"column":4},"end":{"line":243,"column":24}},"121":{"start":{"line":244,"column":4},"end":{"line":254,"column":7}},"122":{"start":{"line":245,"column":6},"end":{"line":253,"column":9}},"123":{"start":{"line":246,"column":8},"end":{"line":250,"column":9}},"124":{"start":{"line":247,"column":10},"end":{"line":247,"column":32}},"125":{"start":{"line":247,"column":24},"end":{"line":247,"column":32}},"126":{"start":{"line":248,"column":10},"end":{"line":248,"column":25}},"127":{"start":{"line":249,"column":10},"end":{"line":249,"column":17}},"128":{"start":{"line":251,"column":8},"end":{"line":251,"column":28}},"129":{"start":{"line":252,"column":8},"end":{"line":252,"column":52}},"130":{"start":{"line":252,"column":34},"end":{"line":252,"column":52}},"131":{"start":{"line":259,"column":0},"end":{"line":297,"column":2}},"132":{"start":{"line":260,"column":2},"end":{"line":260,"column":18}},"133":{"start":{"line":262,"column":2},"end":{"line":265,"column":3}},"134":{"start":{"line":263,"column":4},"end":{"line":263,"column":14}},"135":{"start":{"line":264,"column":4},"end":{"line":264,"column":21}},"136":{"start":{"line":267,"column":2},"end":{"line":271,"column":3}},"137":{"start":{"line":268,"column":4},"end":{"line":268,"column":44}},"138":{"start":{"line":269,"column":9},"end":{"line":271,"column":3}},"139":{"start":{"line":270,"column":4},"end":{"line":270,"column":45}},"140":{"start":{"line":274,"column":2},"end":{"line":279,"column":3}},"141":{"start":{"line":275,"column":4},"end":{"line":275,"column":38}},"142":{"start":{"line":276,"column":4},"end":{"line":276,"column":23}},"143":{"start":{"line":277,"column":4},"end":{"line":277,"column":17}},"144":{"start":{"line":278,"column":4},"end":{"line":278,"column":15}},"145":{"start":{"line":281,"column":2},"end":{"line":296,"column":3}},"146":{"start":{"line":282,"column":4},"end":{"line":282,"column":21}},"147":{"start":{"line":283,"column":4},"end":{"line":283,"column":31}},"148":{"start":{"line":284,"column":4},"end":{"line":284,"column":24}},"149":{"start":{"line":285,"column":4},"end":{"line":295,"column":7}},"150":{"start":{"line":286,"column":6},"end":{"line":294,"column":9}},"151":{"start":{"line":287,"column":8},"end":{"line":291,"column":9}},"152":{"start":{"line":288,"column":10},"end":{"line":288,"column":32}},"153":{"start":{"line":288,"column":24},"end":{"line":288,"column":32}},"154":{"start":{"line":289,"column":10},"end":{"line":289,"column":25}},"155":{"start":{"line":290,"column":10},"end":{"line":290,"column":17}},"156":{"start":{"line":292,"column":8},"end":{"line":292,"column":28}},"157":{"start":{"line":293,"column":8},"end":{"line":293,"column":52}},"158":{"start":{"line":293,"column":34},"end":{"line":293,"column":52}},"159":{"start":{"line":299,"column":0},"end":{"line":308,"column":2}},"160":{"start":{"line":300,"column":2},"end":{"line":303,"column":3}},"161":{"start":{"line":301,"column":4},"end":{"line":301,"column":14}},"162":{"start":{"line":302,"column":4},"end":{"line":302,"column":21}},"163":{"start":{"line":304,"column":2},"end":{"line":304,"column":36}},"164":{"start":{"line":305,"column":2},"end":{"line":305,"column":27}},"165":{"start":{"line":306,"column":2},"end":{"line":306,"column":15}},"166":{"start":{"line":307,"column":2},"end":{"line":307,"column":13}},"167":{"start":{"line":317,"column":0},"end":{"line":324,"column":2}},"168":{"start":{"line":318,"column":2},"end":{"line":322,"column":5}},"169":{"start":{"line":319,"column":4},"end":{"line":321,"column":5}},"170":{"start":{"line":320,"column":6},"end":{"line":320,"column":73}},"171":{"start":{"line":326,"column":0},"end":{"line":394,"column":2}},"172":{"start":{"line":327,"column":2},"end":{"line":328,"column":18}},"173":{"start":{"line":330,"column":2},"end":{"line":330,"column":27}},"174":{"start":{"line":331,"column":2},"end":{"line":331,"column":25}},"175":{"start":{"line":332,"column":2},"end":{"line":332,"column":32}},"176":{"start":{"line":333,"column":2},"end":{"line":333,"column":40}},"177":{"start":{"line":335,"column":2},"end":{"line":335,"column":19}},"178":{"start":{"line":336,"column":2},"end":{"line":336,"column":22}},"179":{"start":{"line":337,"column":2},"end":{"line":337,"column":26}},"180":{"start":{"line":339,"column":2},"end":{"line":339,"column":36}},"181":{"start":{"line":341,"column":2},"end":{"line":343,"column":31}},"182":{"start":{"line":345,"column":2},"end":{"line":365,"column":3}},"183":{"start":{"line":346,"column":4},"end":{"line":346,"column":89}},"184":{"start":{"line":347,"column":9},"end":{"line":365,"column":3}},"185":{"start":{"line":348,"column":4},"end":{"line":351,"column":5}},"186":{"start":{"line":349,"column":6},"end":{"line":349,"column":42}},"187":{"start":{"line":350,"column":6},"end":{"line":350,"column":29}},"188":{"start":{"line":352,"column":4},"end":{"line":354,"column":5}},"189":{"start":{"line":353,"column":6},"end":{"line":353,"column":36}},"190":{"start":{"line":356,"column":4},"end":{"line":356,"column":127}},"191":{"start":{"line":357,"column":9},"end":{"line":365,"column":3}},"192":{"start":{"line":358,"column":4},"end":{"line":358,"column":33}},"193":{"start":{"line":359,"column":4},"end":{"line":359,"column":28}},"194":{"start":{"line":360,"column":4},"end":{"line":361,"column":39}},"195":{"start":{"line":361,"column":6},"end":{"line":361,"column":39}},"196":{"start":{"line":362,"column":4},"end":{"line":362,"column":98}},"197":{"start":{"line":364,"column":4},"end":{"line":364,"column":55}},"198":{"start":{"line":367,"column":2},"end":{"line":393,"column":3}},"199":{"start":{"line":368,"column":4},"end":{"line":388,"column":5}},"200":{"start":{"line":369,"column":6},"end":{"line":373,"column":7}},"201":{"start":{"line":370,"column":8},"end":{"line":370,"column":23}},"202":{"start":{"line":372,"column":8},"end":{"line":372,"column":18}},"203":{"start":{"line":374,"column":11},"end":{"line":388,"column":5}},"204":{"start":{"line":375,"column":6},"end":{"line":375,"column":55}},"205":{"start":{"line":376,"column":6},"end":{"line":387,"column":7}},"206":{"start":{"line":377,"column":8},"end":{"line":379,"column":9}},"207":{"start":{"line":378,"column":10},"end":{"line":378,"column":23}},"208":{"start":{"line":381,"column":8},"end":{"line":381,"column":32}},"209":{"start":{"line":382,"column":8},"end":{"line":382,"column":44}},"210":{"start":{"line":384,"column":8},"end":{"line":386,"column":9}},"211":{"start":{"line":385,"column":10},"end":{"line":385,"column":38}},"212":{"start":{"line":390,"column":4},"end":{"line":392,"column":5}},"213":{"start":{"line":391,"column":6},"end":{"line":391,"column":20}},"214":{"start":{"line":398,"column":0},"end":{"line":403,"column":2}},"215":{"start":{"line":399,"column":2},"end":{"line":402,"column":3}},"216":{"start":{"line":400,"column":4},"end":{"line":400,"column":84}},"217":{"start":{"line":401,"column":4},"end":{"line":401,"column":45}},"218":{"start":{"line":405,"column":0},"end":{"line":410,"column":2}},"219":{"start":{"line":406,"column":2},"end":{"line":406,"column":27}},"220":{"start":{"line":407,"column":2},"end":{"line":407,"column":39}},"221":{"start":{"line":408,"column":2},"end":{"line":408,"column":36}},"222":{"start":{"line":409,"column":2},"end":{"line":409,"column":23}},"223":{"start":{"line":419,"column":0},"end":{"line":450,"column":2}},"224":{"start":{"line":420,"column":2},"end":{"line":422,"column":78}},"225":{"start":{"line":426,"column":2},"end":{"line":426,"column":40}},"226":{"start":{"line":427,"column":2},"end":{"line":449,"column":3}},"227":{"start":{"line":428,"column":4},"end":{"line":428,"column":44}},"228":{"start":{"line":430,"column":4},"end":{"line":448,"column":6}},"229":{"start":{"line":442,"column":8},"end":{"line":442,"column":16}},"230":{"start":{"line":443,"column":8},"end":{"line":445,"column":9}},"231":{"start":{"line":444,"column":10},"end":{"line":444,"column":46}},"232":{"start":{"line":446,"column":8},"end":{"line":446,"column":21}},"233":{"start":{"line":460,"column":0},"end":{"line":463,"column":1}},"234":{"start":{"line":461,"column":2},"end":{"line":461,"column":26}},"235":{"start":{"line":462,"column":2},"end":{"line":462,"column":26}},"236":{"start":{"line":467,"column":0},"end":{"line":472,"column":2}},"237":{"start":{"line":468,"column":2},"end":{"line":470,"column":5}},"238":{"start":{"line":469,"column":4},"end":{"line":469,"column":25}},"239":{"start":{"line":471,"column":2},"end":{"line":471,"column":91}},"240":{"start":{"line":474,"column":0},"end":{"line":688,"column":1}},"241":{"start":{"line":475,"column":2},"end":{"line":477,"column":3}},"242":{"start":{"line":476,"column":4},"end":{"line":476,"column":11}},"243":{"start":{"line":479,"column":2},"end":{"line":482,"column":16}},"244":{"start":{"line":484,"column":2},"end":{"line":491,"column":3}},"245":{"start":{"line":485,"column":4},"end":{"line":487,"column":5}},"246":{"start":{"line":486,"column":6},"end":{"line":486,"column":31}},"247":{"start":{"line":488,"column":9},"end":{"line":491,"column":3}},"248":{"start":{"line":489,"column":4},"end":{"line":489,"column":36}},"249":{"start":{"line":490,"column":4},"end":{"line":490,"column":19}},"250":{"start":{"line":499,"column":2},"end":{"line":512,"column":3}},"251":{"start":{"line":500,"column":4},"end":{"line":500,"column":26}},"252":{"start":{"line":501,"column":4},"end":{"line":501,"column":42}},"253":{"start":{"line":503,"column":4},"end":{"line":505,"column":5}},"254":{"start":{"line":504,"column":6},"end":{"line":504,"column":25}},"255":{"start":{"line":507,"column":4},"end":{"line":509,"column":5}},"256":{"start":{"line":508,"column":6},"end":{"line":508,"column":25}},"257":{"start":{"line":511,"column":4},"end":{"line":511,"column":22}},"258":{"start":{"line":514,"column":2},"end":{"line":549,"column":3}},"259":{"start":{"line":515,"column":4},"end":{"line":517,"column":5}},"260":{"start":{"line":516,"column":6},"end":{"line":516,"column":20}},"261":{"start":{"line":519,"column":4},"end":{"line":548,"column":7}},"262":{"start":{"line":520,"column":6},"end":{"line":520,"column":60}},"263":{"start":{"line":522,"column":6},"end":{"line":540,"column":7}},"264":{"start":{"line":523,"column":8},"end":{"line":523,"column":58}},"265":{"start":{"line":524,"column":8},"end":{"line":524,"column":17}},"266":{"start":{"line":525,"column":8},"end":{"line":527,"column":10}},"267":{"start":{"line":526,"column":10},"end":{"line":526,"column":3
[...]
},"end":{"line":150,"column":2}},"81":{"start":{"line":147,"column":2},"end":{"line":147,"column":29}},"82":{"start":{"line":148,"column":2},"end":{"line":148,"column":31}},"83":{"start":{"line":149,"column":2},"end":{"line":149,"column":14}},"84":{"start":{"line":152,"column":0},"end":{"line":156,"column":2}},"85":{"start":{"line":153,"column":2},"end":{"line":153,"column":25}},"86":{"start":{"line":154,"column":2},"end":{"line":154,"column":68}},"87":{"start":{"line":155,"column":2},"end":{"line":155,"column":14}},"88":{"start":{"line":158,"column":0},"end":{"line":161,"column":2}},"89":{"start":{"line":159,"column":2},"end":{"line":159,"column":48}},"90":{"start":{"line":160,"column":2},"end":{"line":160,"column":14}},"91":{"start":{"line":163,"column":0},"end":{"line":171,"column":2}},"92":{"start":{"line":164,"column":2},"end":{"line":166,"column":3}},"93":{"start":{"line":165,"column":4},"end":{"line":165,"column":28}},"94":{"start":{"line":167,"column":2},"end":{"line":167,"column":33}},"95":{"start":{"line":168,"column":2},"end":{"line":168,"column":57}},"96":{"start":{"line":169,"column":2},"end":{"line":169,"column":35}},"97":{"start":{"line":170,"column":2},"end":{"line":170,"column":14}},"98":{"start":{"line":173,"column":0},"end":{"line":221,"column":2}},"99":{"start":{"line":174,"column":2},"end":{"line":176,"column":56}},"100":{"start":{"line":178,"column":2},"end":{"line":178,"column":54}},"101":{"start":{"line":179,"column":2},"end":{"line":220,"column":5}},"102":{"start":{"line":180,"column":4},"end":{"line":180,"column":38}},"103":{"start":{"line":181,"column":4},"end":{"line":181,"column":28}},"104":{"start":{"line":182,"column":4},"end":{"line":219,"column":7}},"105":{"start":{"line":183,"column":6},"end":{"line":202,"column":8}},"106":{"start":{"line":184,"column":8},"end":{"line":186,"column":9}},"107":{"start":{"line":185,"column":10},"end":{"line":185,"column":25}},"108":{"start":{"line":188,"column":8},"end":{"line":188,"column":47}},"109":{"start":{"line":189,"column":8},"end":{"line":189,"column":35}},"110":{"start":{"line":190,"column":8},"end":{"line":201,"column":11}},"111":{"start":{"line":191,"column":10},"end":{"line":191,"column":40}},"112":{"start":{"line":192,"column":10},"end":{"line":198,"column":11}},"113":{"start":{"line":193,"column":12},"end":{"line":193,"column":43}},"114":{"start":{"line":194,"column":12},"end":{"line":194,"column":62}},"115":{"start":{"line":196,"column":12},"end":{"line":196,"column":41}},"116":{"start":{"line":197,"column":12},"end":{"line":197,"column":60}},"117":{"start":{"line":199,"column":10},"end":{"line":199,"column":40}},"118":{"start":{"line":200,"column":10},"end":{"line":200,"column":59}},"119":{"start":{"line":204,"column":6},"end":{"line":218,"column":7}},"120":{"start":{"line":205,"column":8},"end":{"line":205,"column":35}},"121":{"start":{"line":206,"column":8},"end":{"line":206,"column":54}},"122":{"start":{"line":207,"column":8},"end":{"line":209,"column":9}},"123":{"start":{"line":208,"column":10},"end":{"line":208,"column":43}},"124":{"start":{"line":210,"column":8},"end":{"line":215,"column":9}},"125":{"start":{"line":211,"column":10},"end":{"line":211,"column":43}},"126":{"start":{"line":213,"column":10},"end":{"line":213,"column":30}},"127":{"start":{"line":214,"column":10},"end":{"line":214,"column":24}},"128":{"start":{"line":217,"column":8},"end":{"line":217,"column":23}},"129":{"start":{"line":223,"column":0},"end":{"line":230,"column":2}},"130":{"start":{"line":224,"column":2},"end":{"line":224,"column":42}},"131":{"start":{"line":224,"column":29},"end":{"line":224,"column":42}},"132":{"start":{"line":225,"column":2},"end":{"line":225,"column":46}},"133":{"start":{"line":225,"column":34},"end":{"line":225,"column":46}},"134":{"start":{"line":226,"column":2},"end":{"line":228,"column":3}},"135":{"start":{"line":227,"column":4},"end":{"line":227,"column":16}},"136":{"start":{"line":229,"column":2},"end":{"line":229,"column":15}},"137":{"start":{"line":232,"column":0},"end":{"line":235,"column":2}},"138":{"start":{"line":233,"column":2},"end":{"line":233,"column":32}},"139":{"start":{"line":234,"column":2},"end":{"line":234,"column":14}},"140":{"start":{"line":237,"column":0},"end":{"line":249,"column":2}},"141":{"start":{"line":239,"column":2},"end":{"line":239,"column":50}},"142":{"start":{"line":251,"column":0},"end":{"line":254,"column":2}},"143":{"start":{"line":252,"column":2},"end":{"line":252,"column":35}},"144":{"start":{"line":253,"column":2},"end":{"line":253,"column":16}},"145":{"start":{"line":256,"column":0},"end":{"line":268,"column":1}},"146":{"start":{"line":257,"column":2},"end":{"line":263,"column":4}},"147":{"start":{"line":264,"column":2},"end":{"line":267,"column":33}},"148":{"start":{"line":265,"column":4},"end":{"line":265,"column":20}},"149":{"start":{"line":267,"column":4},"end":{"line":267,"column":33}}},"branchMap":{"1":{"line":16,"type":"binary-expr","locations":[{"start":{"line":16,"column":9},"end":{"line":16,"column":13}},{"start":{"line":16,"column":17},"end":{"line":16,"column":19}}]},"2":{"line":23,"type":"binary-expr","locations":[{"start":{"line":23,"column":18},"end":{"line":23,"column":46}},{"start":{"line":23,"column":50},"end":{"line":23,"column":51}}]},"3":{"line":28,"type":"if","locations":[{"start":{"line":28,"column":4},"end":{"line":28,"column":4}},{"start":{"line":28,"column":4},"end":{"line":28,"column":4}}]},"4":{"line":34,"type":"binary-expr","locations":[{"start":{"line":34,"column":20},"end":{"line":34,"column":35}},{"start":{"line":34,"column":39},"end":{"line":34,"column":49}}]},"5":{"line":35,"type":"binary-expr","locations":[{"start":{"line":35,"column":15},"end":{"line":35,"column":25}},{"start":{"line":35,"column":29},"end":{"line":35,"column":35}}]},"6":{"line":41,"type":"binary-expr","locations":[{"start":{"line":41,"column":16},"end":{"line":41,"column":26}},{"start":{"line":41,"column":30},"end":{"line":41,"column":32}}]},"7":{"line":46,"type":"if","locations":[{"start":{"line":46,"column":6},"end":{"line":46,"column":6}},{"start":{"line":46,"column":6},"end":{"line":46,"column":6}}]},"8":{"line":53,"type":"if","locations":[{"start":{"line":53,"column":6},"end":{"line":53,"column":6}},{"start":{"line":53,"column":6},"end":{"line":53,"column":6}}]},"9":{"line":67,"type":"if","locations":[{"start":{"line":67,"column":2},"end":{"line":67,"column":2}},{"start":{"line":67,"column":2},"end":{"line":67,"column":2}}]},"10":{"line":69,"type":"if","locations":[{"start":{"line":69,"column":9},"end":{"line":69,"column":9}},{"start":{"line":69,"column":9},"end":{"line":69,"column":9}}]},"11":{"line":76,"type":"if","locations":[{"start":{"line":76,"column":4},"end":{"line":76,"column":4}},{"start":{"line":76,"column":4},"end":{"line":76,"column":4}}]},"12":{"line":81,"type":"binary-expr","locations":[{"start":{"line":81,"column":18},"end":{"line":81,"column":38}},{"start":{"line":81,"column":42},"end":{"line":81,"column":52}}]},"13":{"line":86,"type":"if","locations":[{"start":{"line":86,"column":6},"end":{"line":86,"column":6}},{"start":{"line":86,"column":6},"end":{"line":86,"column":6}}]},"14":{"line":94,"type":"if","locations":[{"start":{"line":94,"column":8},"end":{"line":94,"column":8}},{"start":{"line":94,"column":8},"end":{"line":94,"column":8}}]},"15":{"line":94,"type":"binary-expr","locations":[{"start":{"line":94,"column":12},"end":{"line":94,"column":33}},{"start":{"line":94,"column":37},"end":{"line":94,"column":60}}]},"16":{"line":101,"type":"if","locations":[{"start":{"line":101,"column":6},"end":{"line":101,"column":6}},{"start":{"line":101,"column":6},"end":{"line":101,"column":6}}]},"17":{"line":109,"type":"binary-expr","locations":[{"start":{"line":109,"column":18},"end":{"line":109,"column":38}},{"start":{"line":109,"column":42},"end":{"line":109,"column":52}}]},"18":{"line":113,"type":"if","locations":[{"start":{"line":113,"column":4},"end":{"line":113,"column":4}},{"start":{"line":113,"column":4},"end":{"line":113,"column":4}}]},"19":{"line":116,"type":"if","locations":[{"start":{"line":116,"column":11},"end":{"line":116,"column":11}},{"start":{"line":116,"column":11},"end":{"line":116,"column":11}}]},"20":{"line":125,"type":"binary-expr","locations":[{"start":{"line":125,"column":12},"end":{"line":125,"column":19}},{"start":{"line":125,"column":23},"end":{"line":125,"column":25}}]},"21":{"line":127,"type":"cond-expr","locations":[{"start":{"line":127,"column":49},"end":{"line":127,"column":65}},{"start":{"line":127,"column":68},"end":{"line":127,"column":72}}]},"22":{"line":154,"type":"cond-expr","locations":[{"start":{"line":154,"column":50},"end":{"line":154,"column":54}},{"start":{"line":154,"column":57},"end":{"line":154,"column":67}}]},"23":{"line":164,"type":"if","locations":[{"start":{"line":164,"column":2},"end":{"line":164,"column":2}},{"start":{"line":164,"column":2},"end":{"line":164,"column":2}}]},"24":{"line":168,"type":"binary-expr","locations":[{"start":{"line":168,"column":26},"end":{"line":168,"column":46}},{"start":{"line":168,"column":50},"end":{"line":168,"column":51}}]},"25":{"line":178,"type":"binary-expr","locations":[{"start":{"line":178,"column":21},"end":{"line":178,"column":33}},{"start":{"line":178,"column":37},"end":{"line":178,"column":53}}]},"26":{"line":184,"type":"if","locations":[{"start":{"line":184,"column":8},"end":{"line":184,"column":8}},{"start":{"line":184,"column":8},"end":{"line":184,"column":8}}]},"27":{"line":191,"type":"binary-expr","locations":[{"start":{"line":191,"column":10},"end":{"line":191,"column":12}},{"start":{"line":191,"column":16},"end":{"line":191,"column":39}}]},"28":{"line":191,"type":"binary-expr","locations":[{"start":{"line":191,"column":19},"end":{"line":191,"column":22}},{"start":{"line":191,"column":26},"end":{"line":191,"column":33}}]},"29":{"line":192,"type":"if","locations":[{"start":{"line":192,"column":10},"end":{"line":192,"column":10}},{"start":{"line":192,"column":10},"end":{"line":192,"column":10}}]},"30":{"line":207,"type":"if","locations":[{"start":{"line":207,"column":8},"end":{"line":207,"column":8}},{"start":{"line":207,"column":8},"end":{"line":207,"column":8}}]},"31":{"line":210,"type":"if","locations":[{"start":{"line":210,"column":8},"end":{"line":210,"column":8}},{"start":{"line":210,"column":8},"end":{"line":210,"column":8}}]},"32":{"line":224,"type":"if","locations":[{"start":{"line":224,"column":2},"end":{"line":224,"column":2}},{"start":{"line":224,"column":2},"end":{"line":224,"column":2}}]},"33":{"line":225,"type":"if","locations":[{"start":{"line":225,"column":2},"end":{"line":225,"column":2}},{"start":{"line":225,"column":2},"end":{"line":225,"column":2}}]},"34":{"line":226,"type":"if","locations":[{"start":{"line":226,"column":2},"end":{"line":226,"column":2}},{"start":{"line":226,"column":2},"end":{"line":226,"column":2}}]},"35":{"line":226,"type":"binary-expr","locations":[{"start":{"line":226,"column":6},"end":{"line":226,"column":25}},{"start":{"line":226,"column":29},"end":{"line":226,"column":97}}]},"36":{"line":264,"type":"if","locations":[{"start":{"line":264,"column":2},"end":{"line":264,"column":2}},{"start":{"line":264,"column":2},"end":{"line":264,"column":2}}]},"37":{"line":264,"type":"binary-expr","locations":[{"start":{"line":264,"column":6},"end":{"line":264,"column":34}},{"start":{"line":264,"column":38},"end":{"line":264,"column":64}}]}},"code":["/** @package","","    job.js","","    21/04/2015 NF   Removed database code. ie. From Job.remove()","","  Last change: NF 21/04/2015 1:20:47 PM","*/","","var humanInterval = require('human-interval'),","    CronTime = require('cron').CronTime,","    date = require('date.js'),","    moment = require('moment-timezone');","","var Job = module.exports = function Job(args) {","  args = args || {};","","  // Remove special args","  this.agenda = args.agenda;","  delete args.agenda;","","  // Process args","  args.priority = parsePriority(args.priority) || 0;","","  // Set attrs to args","  var attrs = {};","  for (var key in args) {","    if (args.hasOwnProperty(key)) {","      attrs[key] = args[key];","    }","  }","","  // Set defaults if undefined","  attrs.nextRunAt = attrs.nextRunAt || new Date();","  attrs.type = attrs.type || 'once';","  this.attrs = attrs;","};","","Job.prototype.toJSON = function() { // create a persistable Mongo object -RR","    var self = this,","        attrs = self.attrs || {};","","    var result = {};","","    for (var prop in attrs) {","      if (attrs.hasOwnProperty(prop)) {","        result[prop] = attrs[prop];","      }","    }","","    var dates = ['lastRunAt', 'lastFinishedAt', 'nextRunAt', 'failedAt', 'lockedAt'];","    dates.forEach(function(d) {","      if (result[d]) {","        result[d] = new Date(result[d]);","      }","    });","","    return result;","};","","Job.prototype.computeNextRunAt = function() {","  var interval = this.attrs.repeatInterval;","  var timezone = this.attrs.repeatTimezone;","  var repeatAt = this.attrs.repeatAt;","  this.attrs.nextRunAt = undefined;","","  if (interval) {","    computeFromInterval.call(this);","  } else if (repeatAt) {","    computeFromRepeatAt.call(this);","  }","  return this;","","  function dateForTimezone (d) {","    d = moment(d);","    if(timezone) d.tz(timezone);","    return d;","  }","","  function computeFromInterval() {","    var lastRun = this.attrs.lastRunAt || new Date();","    lastRun = dateForTimezone(lastRun);","    try {","      var cronTime = new CronTime(interval);","      var nextDate = cronTime._getNextDateFrom(lastRun);","      if (nextDate.valueOf() == lastRun.valueOf()) {","        // Handle cronTime giving back the same date for the next run time","        nextDate = cronTime._getNextDateFrom(dateForTimezone(new Date(lastRun.valueOf() + 1000)));","      }","      this.attrs.nextRunAt = nextDate;","    } catch (e) {","      // Nope, humanInterval then!","      try {","        if (!this.attrs.lastRunAt && humanInterval(interval)) {","          this.attrs.nextRunAt = lastRun.valueOf();","        } else {","          this.attrs.nextRunAt = lastRun.valueOf() + humanInterval(interval);","        }","      } catch (e) {}","    } finally {","      if (isNaN(this.attrs.nextRunAt)) {","        this.attrs.nextRunAt = undefined;","        this.fail('failed to calculate nextRunAt due to invalid repeat interval');","      }","    }","  }","","  function computeFromRepeatAt() {","    var lastRun = this.attrs.lastRunAt || new Date();","    var nextDate = date(repeatAt).valueOf();","","    var offset = Date.now();  // if you do not specify offset date for below test it will fail for ms","    if (offset === date(repeatAt,offset).valueOf()) {","      this.attrs.nextRunAt = undefined;","      this.fail('failed to calculate repeatAt time due to invalid format');","    } else if (nextDate.valueOf() == lastRun.valueOf()) {","      this.attrs.nextRunAt = date('tomorrow at ', repeatAt);","    } else {","      this.attrs.nextRunAt = date(repeatAt);","    }","  }","};","","Job.prototype.repeatEvery = function(interval, options) {","  options = options || {};","  this.attrs.repeatInterval = interval;","  this.attrs.repeatTimezone = options.timezone ? options.timezone : null;","  return this;","};","","Job.prototype.repeatAt = function(time) {","  this.attrs.repeatAt = time;","  return this;","};","","Job.prototype.disable = function() {","  this.attrs.disabled = true;","  return this;","};","","Job.prototype.enable = function() {","  this.attrs.disabled = false;","  return this;","};","","Job.prototype.unique = function(unique, opts) {","  this.attrs.unique = unique;","  this.attrs.uniqueOpts = opts;","  return this;","};","","Job.prototype.schedule = function(time) {","  this._scheduled = true;","  this.attrs.nextRunAt = (time instanceof Date) ? time : date(time);","  return this;","};","","Job.prototype.priority = function(priority) {","  this.attrs.priority = parsePriority(priority);","  return this;","};","","Job.prototype.fail = function(reason) {","  if(reason instanceof Error) {","    reason = reason.message;","  }","  this.attrs.failReason = reason;","  this.attrs.failCount = (this.attrs.failCount || 0) + 1;","  this.attrs.failedAt = new Date();","  return this;","};","","Job.prototype.run = function(cb) {","  var self = this,","      agenda = self.agenda,","      definition = agenda._definitions[self.attrs.name];","","  var setImmediate = setImmediate || process.nextTick;","  setImmediate(function() {","    self.attrs.lastRunAt = new Date();","    self.computeNextRunAt();","    self.save(function() {","      var jobCallback = function(err) {","        if (err) {","          self.fail(err);","        }","","        self.attrs.lastFinishedAt = new Date();","        self.attrs.lockedAt = null;","        self.save(function(saveErr, job) {","          cb && cb(err || saveErr, job);","          if (err) {","            agenda.emit('fail', err, self);","            agenda.emit('fail:' + self.attrs.name, err, self);","          } else {","            agenda.emit('success', self);","            agenda.emit('success:' + self.attrs.name, self);","          }","          agenda.emit('complete', self);","          agenda.emit('complete:' + self.attrs.name, self);","        });","      };","","      try {","        agenda.emit('start', self);","        agenda.emit('start:' + self.attrs.name, self);","        if (!definition) {","          throw new Error('Undefined job');","        }","        if (definition.fn.length === 2) {","          definition.fn(self, jobCallback);","        } else {","          definition.fn(self);","          jobCallback();","        }","      } catch (e) {","        jobCallback(e);","      }","    });","  });","};","","Job.prototype.isRunning = function() {","  if (!this.attrs.lastRunAt) return false;","  if (!this.attrs.lastFinishedAt) return true;","  if (this.attrs.lockedAt && this.attrs.lastRunAt.getTime() > this.attrs.lastFinishedAt.getTime()) {","    return true;","  }","  return false;","};","","Job.prototype.save = function(cb) {","  this.agenda.saveJob(this, cb);","  return this;","};","","Job.prototype.remove = function(cb) {","  // refactored NF 21/04/2015","  this.agenda.cancel( {_id: this.attrs._id}, cb );","/*","  var self = this;","  this.agenda._db.remove({_id: this.attrs._id}, function(err, count) {","    if(err) {","      return cb(err);","    }","    cb(err, count);","  });","*/","};","","Job.prototype.touch = function(cb) {","  this.attrs.lockedAt = new Date();","  this.save(cb);","};","","function parsePriority(priority) {","  var priorityMap = {","    lowest: -20,","    low: -10,","    normal: 0,","    high: 10,","    highest: 20","  };","  if (typeof priority === 'number' || priority instanceof Number)","    return priority;","  else","    return priorityMap[priority];","}",""],"l":{"10":1,"15":1,"16":0,"19":0,"20":0,"23":0,"26":0,"27":0,"28":0,"29":0,"34":0,"35":0,"36":0,"39":1,"40":0,"43":0,"45":0,"46":0,"47":0,"51":0,"52":0,"53":0,"54":0,"58":0,"61":1,"62":0,"63":0,"64":0,"65":0,"67":0,"68":0,"69":0,"70":0,"72":0,"74":1,"75":0,"76":0,"77":0,"80":1,"81":0,"82":0,"83":0,"84":0,"85":0,"86":0,"88":0,"90":0,"93":0,"94":0,"95":0,"97":0,"101":0,"102":0,"103":0,"108":1,"109":0,"110":0,"112":0,"113":0,"114":0,"115":0,"116":0,"117":0,"119":0,"124":1,"125":0,"126":0,"127":0,"128":0,"131":1,"132":0,"133":0,"136":1,"137":0,"138":0,"141":1,"142":0,"143":0,"146":1,"147":0,"148":0,"149":0,"152":1,"153":0,"154":0,"155":0,"158":1,"159":0,"160":0,"163":1,"164":0,"165":0,"167":0,"168":0,"169":0,"170":0,"173":1,"174":0,"178":0,"179":0,"180":0,"181":0,"182":0,"183":0,"184":0,"185":0,"188":0,"189":0,"190":0,"191":0,"192":0,"193":0,"194":0,"196":0,"197":0,"199":0,"200":0,"204":0,"205":0,"206":0,"207":0,"208":0,"210":0,"211":0,"213":0,"214":0,"217":0,"223":1,"224":0,"225":0,"226":0,"227":0,"229":0,"232":1,"233":0,"234":0,"237":1,"239":0,"251":1,"252":0,"253":0,"256":1,"257":0,"264":0,"265":0,"267":0}}}